2023-10-12 10:24:05,885 [INFO] Activator:177 - 


2023-10-12 10:24:05,888 [INFO] Activator:178 - !SESSION log4j initialized
2023-10-12 10:24:36,058 [ERROR] LogOutputStream:74 - [STDERR_REDIRECT] SLF4J: Failed to load class "org.slf4j.impl.StaticLoggerBinder".
2023-10-12 10:24:36,058 [ERROR] LogOutputStream:74 - [STDERR_REDIRECT] SLF4J: Defaulting to no-operation (NOP) logger implementation
2023-10-12 10:24:36,062 [ERROR] LogOutputStream:74 - [STDERR_REDIRECT] SLF4J: See http://www.slf4j.org/codes.html#StaticLoggerBinder for further details.
2023-10-12 10:24:41,303 [INFO] McuFinderGlobals:44 - Set McuFinder mode to 2 (CubeIDE integrated)
2023-10-12 10:24:41,678 [INFO] ApplicationProperties:181 - Using Application install path: C:\ST\STM32CubeIDE_1.10.1\STM32CubeIDE\plugins\com.st.stm32cube.common.mx_6.6.1.202207061420
2023-10-12 10:24:41,694 [INFO] DbMcusXml:77 - Set database path to: C:\ST\STM32CubeIDE_1.10.1\STM32CubeIDE\plugins\com.st.stm32cube.common.mx_6.6.1.202207061420\\db\/mcu/
2023-10-12 10:24:41,694 [INFO] ApiDb:269 - Set plugin database path to: C:\ST\STM32CubeIDE_1.10.1\STM32CubeIDE\plugins\com.st.stm32cube.common.mx_6.6.1.202207061420\\db\/plugins/boardmanager/
2023-10-12 10:24:41,694 [WARN] ApiDb:254 - Overriding images path with different value:  => C:\ST\STM32CubeIDE_1.10.1\STM32CubeIDE\plugins\com.st.stm32cube.common.mx_6.6.1.202207061420\\db\/plugins/mcufinder/images/
2023-10-12 10:24:41,741 [INFO] ApiDb:249 - Set database path to: C:\Users\Mikey\.stmcufinder\plugins\mcufinder//mcu/
2023-10-12 10:24:41,756 [INFO] DbMcusAds:124 - Set database path to: C:\Users\Mikey\.stmcufinder\plugins\mcufinder//mcu/
2023-10-12 10:24:41,756 [INFO] CrossReferenceDbSqlite:201 - Set database path to: C:\Users\Mikey\.stmcufinder\plugins\mcufinder//mcu/cs/
2023-10-12 10:24:41,928 [INFO] RulesReader:61 - Compatibility file has been processed (282 Rules)
2023-10-12 10:24:42,084 [INFO] DbMcusXml:77 - Set database path to: C:\ST\STM32CubeIDE_1.10.1\STM32CubeIDE\plugins\com.st.stm32cube.common.mx_6.6.1.202207061420\\db\/mcu/
2023-10-12 10:24:42,084 [INFO] ApiDb:269 - Set plugin database path to: C:\ST\STM32CubeIDE_1.10.1\STM32CubeIDE\plugins\com.st.stm32cube.common.mx_6.6.1.202207061420\\db\/plugins/boardmanager/
2023-10-12 10:24:42,084 [INFO] ApiDb:256 - Set plugin images path to: C:\ST\STM32CubeIDE_1.10.1\STM32CubeIDE\plugins\com.st.stm32cube.common.mx_6.6.1.202207061420\\db\/plugins/mcufinder/images/
2023-10-12 10:24:42,084 [WARN] DbFile:40 - Overriding database path with different value: C:\Users\Mikey\.stmcufinder\plugins\mcufinder/ => C:\Users\Mikey\.stmcufinder\plugins\mcufinder
2023-10-12 10:24:42,084 [INFO] ApiDb:249 - Set database path to: C:\Users\Mikey\.stmcufinder\plugins\mcufinder//mcu/
2023-10-12 10:24:42,084 [WARN] DbFile:40 - Overriding database path with different value: C:\Users\Mikey\.stmcufinder\plugins\mcufinder/ => C:\Users\Mikey\.stmcufinder\plugins\mcufinder
2023-10-12 10:24:42,084 [INFO] DbMcusAds:124 - Set database path to: C:\Users\Mikey\.stmcufinder\plugins\mcufinder//mcu/
2023-10-12 10:24:42,084 [WARN] DbFile:40 - Overriding database path with different value: C:\Users\Mikey\.stmcufinder\plugins\mcufinder/ => C:\Users\Mikey\.stmcufinder\plugins\mcufinder
2023-10-12 10:24:42,084 [WARN] DbFile:40 - Overriding database path with different value: C:\Users\Mikey\.stmcufinder\plugins\mcufinder/ => C:\Users\Mikey\.stmcufinder\plugins\mcufinder
2023-10-12 10:24:42,084 [INFO] CrossReferenceDbSqlite:201 - Set database path to: C:\Users\Mikey\.stmcufinder\plugins\mcufinder//mcu/cs/
2023-10-12 10:24:42,209 [INFO] MainPanel:242 - HeapMemory: 268435456
2023-10-12 10:24:42,366 [INFO] DbMcusXml:77 - Set database path to: C:\ST\STM32CubeIDE_1.10.1\STM32CubeIDE\plugins\com.st.stm32cube.common.mx_6.6.1.202207061420\\db\/mcu/
2023-10-12 10:24:42,366 [INFO] ApiDb:269 - Set plugin database path to: C:\ST\STM32CubeIDE_1.10.1\STM32CubeIDE\plugins\com.st.stm32cube.common.mx_6.6.1.202207061420\\db\/plugins/boardmanager/
2023-10-12 10:24:42,366 [INFO] ApiDb:256 - Set plugin images path to: C:\ST\STM32CubeIDE_1.10.1\STM32CubeIDE\plugins\com.st.stm32cube.common.mx_6.6.1.202207061420\\db\/plugins/mcufinder/images/
2023-10-12 10:24:42,366 [WARN] DbFile:40 - Overriding database path with different value: C:\Users\Mikey\.stmcufinder\plugins\mcufinder/ => C:\Users\Mikey\.stmcufinder\plugins\mcufinder
2023-10-12 10:24:42,366 [INFO] ApiDb:249 - Set database path to: C:\Users\Mikey\.stmcufinder\plugins\mcufinder//mcu/
2023-10-12 10:24:42,366 [WARN] DbFile:40 - Overriding database path with different value: C:\Users\Mikey\.stmcufinder\plugins\mcufinder/ => C:\Users\Mikey\.stmcufinder\plugins\mcufinder
2023-10-12 10:24:42,381 [INFO] DbMcusAds:124 - Set database path to: C:\Users\Mikey\.stmcufinder\plugins\mcufinder//mcu/
2023-10-12 10:24:42,381 [WARN] DbFile:40 - Overriding database path with different value: C:\Users\Mikey\.stmcufinder\plugins\mcufinder/ => C:\Users\Mikey\.stmcufinder\plugins\mcufinder
2023-10-12 10:24:42,381 [WARN] DbFile:40 - Overriding database path with different value: C:\Users\Mikey\.stmcufinder\plugins\mcufinder/ => C:\Users\Mikey\.stmcufinder\plugins\mcufinder
2023-10-12 10:24:42,381 [INFO] CrossReferenceDbSqlite:201 - Set database path to: C:\Users\Mikey\.stmcufinder\plugins\mcufinder//mcu/cs/
2023-10-12 10:24:42,412 [INFO] ApplicationProperties:181 - Using Application install path: C:\ST\STM32CubeIDE_1.10.1\STM32CubeIDE\plugins\com.st.stm32cube.common.mx_6.6.1.202207061420
2023-10-12 10:24:42,412 [INFO] PluginManage:193 - Search for loadable plugins [exclusion list=, ]
2023-10-12 10:24:42,412 [INFO] PluginManage:307 - Check plugin analytics
2023-10-12 10:24:42,678 [INFO] AnalyticsPlugin:262 - Accepted Software Licenses: STM32CubeMX.6.7.0
2023-10-12 10:24:42,678 [INFO] AnalyticsPlugin:264 - Accepted CMSIS Pack Licenses: 
2023-10-12 10:24:42,678 [INFO] AnalyticsPlugin:266 - Accepted Firmware Licenses: FW.F7.1.17.0
2023-10-12 10:24:42,694 [INFO] PluginManage:356 - Loaded plugin analytics (category:tool,tabindex:-1)
2023-10-12 10:24:42,694 [INFO] PluginManage:307 - Check plugin cadmodel
2023-10-12 10:24:42,709 [INFO] CADModel:65 - Init CAD model plugin
2023-10-12 10:24:42,725 [INFO] PluginManage:356 - Loaded plugin cadmodel (category:power,tabindex:5)
2023-10-12 10:24:42,725 [INFO] PluginManage:307 - Check plugin clock
2023-10-12 10:24:42,756 [INFO] PluginManage:356 - Loaded plugin clock (category:base,tabindex:2)
2023-10-12 10:24:42,756 [INFO] PluginManage:307 - Check plugin ddr
2023-10-12 10:24:42,772 [INFO] PluginManage:356 - Loaded plugin ddr (category:tool,tabindex:6)
2023-10-12 10:24:42,772 [INFO] PluginManage:307 - Check plugin filemanager
2023-10-12 10:24:43,053 [INFO] PluginManage:356 - Loaded plugin filemanager (category:base,tabindex:10)
2023-10-12 10:24:43,053 [INFO] PluginManage:307 - Check plugin ipmanager
2023-10-12 10:24:43,069 [INFO] PluginManage:356 - Loaded plugin ipmanager (category:base,tabindex:5)
2023-10-12 10:24:43,069 [INFO] PluginManage:307 - Check plugin lpbam
2023-10-12 10:24:43,116 [INFO] PluginManage:356 - Loaded plugin lpbam (category:base,tabindex:0)
2023-10-12 10:24:43,116 [INFO] PluginManage:307 - Check plugin pinoutandconfiguration
2023-10-12 10:24:43,147 [INFO] PluginManage:356 - Loaded plugin pinoutandconfiguration (category:base,tabindex:1)
2023-10-12 10:24:43,147 [INFO] PluginManage:307 - Check plugin pinoutconfig
2023-10-12 10:24:43,225 [INFO] PluginManage:356 - Loaded plugin pinoutconfig (category:base,tabindex:0)
2023-10-12 10:24:43,225 [INFO] PluginManage:307 - Check plugin power
2023-10-12 10:24:43,256 [INFO] PluginManage:356 - Loaded plugin power (category:power,tabindex:4)
2023-10-12 10:24:43,256 [INFO] PluginManage:307 - Check plugin projectmanager
2023-10-12 10:24:43,303 [INFO] PluginManage:356 - Loaded plugin projectmanager (category:projectmanager,tabindex:3)
2023-10-12 10:24:43,303 [INFO] PluginManage:307 - Check plugin thirdparty
2023-10-12 10:24:43,897 [INFO] PluginManage:356 - Loaded plugin thirdparty (category:base,tabindex:-1)
2023-10-12 10:24:43,897 [INFO] PluginManage:307 - Check plugin tools
2023-10-12 10:24:43,928 [WARN] IntegrityCheckThread:82 - waiting for thirdparty lock release [integrity check]
2023-10-12 10:24:43,928 [INFO] IntegrityCheckThread:84 - entering critical section [integrity check]
2023-10-12 10:24:43,944 [INFO] ThirdPartyUpdaterWithRetryManager:70 - Updater plugin not ready yet. [1/15]
2023-10-12 10:24:43,975 [INFO] PluginManage:356 - Loaded plugin tools (category:base,tabindex:7)
2023-10-12 10:24:43,975 [INFO] PluginManage:307 - Check plugin tutovideos
2023-10-12 10:24:44,459 [INFO] PluginManage:356 - Loaded plugin tutovideos (category:base,tabindex:-1)
2023-10-12 10:24:44,459 [INFO] PluginManage:307 - Check plugin updater
2023-10-12 10:24:44,491 [INFO] PluginManage:356 - Loaded plugin updater (category:base,tabindex:12)
2023-10-12 10:24:44,491 [INFO] PluginManage:280 - PluginManage : Loaded plugins [15]
2023-10-12 10:24:45,037 [INFO] PinOutPanel:1468 - setPackage(No Configuration,No Configuration)
2023-10-12 10:24:45,178 [INFO] CADModel:98 - CPN selected for project level
2023-10-12 10:24:45,225 [INFO] IPUIPlugin:79 - create IPUIPlugin
2023-10-12 10:24:45,225 [INFO] PluginManager:217 - loadIPPluginJar : add adc
2023-10-12 10:24:45,334 [INFO] IPUIPlugin:79 - create IPUIPlugin
2023-10-12 10:24:45,334 [INFO] PluginManager:217 - loadIPPluginJar : add aes
2023-10-12 10:24:45,412 [INFO] IPUIPlugin:79 - create IPUIPlugin
2023-10-12 10:24:45,412 [INFO] PluginManager:217 - loadIPPluginJar : add can
2023-10-12 10:24:45,459 [INFO] IPUIPlugin:79 - create IPUIPlugin
2023-10-12 10:24:45,459 [INFO] PluginManager:217 - loadIPPluginJar : add comp
2023-10-12 10:24:45,506 [INFO] IPUIPlugin:79 - create IPUIPlugin
2023-10-12 10:24:45,506 [INFO] PluginManager:217 - loadIPPluginJar : add cryp
2023-10-12 10:24:45,553 [INFO] IPUIPlugin:79 - create IPUIPlugin
2023-10-12 10:24:45,553 [INFO] PluginManager:217 - loadIPPluginJar : add dfsdm
2023-10-12 10:24:45,584 [INFO] IPUIPlugin:79 - create IPUIPlugin
2023-10-12 10:24:45,584 [INFO] PluginManager:217 - loadIPPluginJar : add dma
2023-10-12 10:24:45,662 [INFO] IPUIPlugin:79 - create IPUIPlugin
2023-10-12 10:24:45,662 [INFO] PluginManager:217 - loadIPPluginJar : add dma3
2023-10-12 10:24:45,678 [INFO] IPUIPlugin:79 - create IPUIPlugin
2023-10-12 10:24:45,678 [INFO] PluginManager:217 - loadIPPluginJar : add fatfs
2023-10-12 10:24:45,741 [INFO] IPUIPlugin:79 - create IPUIPlugin
2023-10-12 10:24:45,741 [INFO] PluginManager:217 - loadIPPluginJar : add fmc
2023-10-12 10:24:45,756 [INFO] IPUIPlugin:79 - create IPUIPlugin
2023-10-12 10:24:45,756 [INFO] PluginManager:217 - loadIPPluginJar : add freertos
2023-10-12 10:24:45,787 [INFO] IPUIPlugin:79 - create IPUIPlugin
2023-10-12 10:24:45,787 [INFO] PluginManager:217 - loadIPPluginJar : add genericplugin
2023-10-12 10:24:45,928 [INFO] IPUIPlugin:79 - create IPUIPlugin
2023-10-12 10:24:45,944 [INFO] PluginManager:217 - loadIPPluginJar : add gfxmmu
2023-10-12 10:24:46,209 [INFO] IPUIPlugin:79 - create IPUIPlugin
2023-10-12 10:24:46,209 [INFO] PluginManager:217 - loadIPPluginJar : add gic
2023-10-12 10:24:46,241 [INFO] IPUIPlugin:79 - create IPUIPlugin
2023-10-12 10:24:46,241 [INFO] PluginManager:217 - loadIPPluginJar : add gpio
2023-10-12 10:24:46,412 [INFO] IPUIPlugin:79 - create IPUIPlugin
2023-10-12 10:24:46,412 [INFO] PluginManager:217 - loadIPPluginJar : add gtzc
2023-10-12 10:24:46,459 [INFO] IPUIPlugin:79 - create IPUIPlugin
2023-10-12 10:24:46,459 [INFO] PluginManager:217 - loadIPPluginJar : add hash
2023-10-12 10:24:46,631 [INFO] IPUIPlugin:79 - create IPUIPlugin
2023-10-12 10:24:46,631 [INFO] PluginManager:217 - loadIPPluginJar : add i2c
2023-10-12 10:24:46,709 [INFO] IPUIPlugin:79 - create IPUIPlugin
2023-10-12 10:24:46,709 [INFO] PluginManager:217 - loadIPPluginJar : add i2s
2023-10-12 10:24:46,912 [INFO] IPUIPlugin:79 - create IPUIPlugin
2023-10-12 10:24:46,912 [INFO] PluginManager:217 - loadIPPluginJar : add ipddr
2023-10-12 10:24:46,959 [INFO] ThirdPartyUpdaterWithRetryManager:70 - Updater plugin not ready yet. [2/15]
2023-10-12 10:24:47,069 [INFO] IPUIPlugin:79 - create IPUIPlugin
2023-10-12 10:24:47,069 [INFO] PluginManager:217 - loadIPPluginJar : add linkedlist
2023-10-12 10:24:47,116 [INFO] IPUIPlugin:79 - create IPUIPlugin
2023-10-12 10:24:47,116 [INFO] PluginManager:217 - loadIPPluginJar : add lorawan
2023-10-12 10:24:47,162 [INFO] IPUIPlugin:79 - create IPUIPlugin
2023-10-12 10:24:47,162 [INFO] PluginManager:217 - loadIPPluginJar : add ltdc
2023-10-12 10:24:47,194 [INFO] IPUIPlugin:79 - create IPUIPlugin
2023-10-12 10:24:47,194 [INFO] PluginManager:217 - loadIPPluginJar : add mdma
2023-10-12 10:24:47,194 [INFO] IPUIPlugin:79 - create IPUIPlugin
2023-10-12 10:24:47,194 [INFO] PluginManager:217 - loadIPPluginJar : add nvic
2023-10-12 10:24:47,240 [INFO] IPUIPlugin:79 - create IPUIPlugin
2023-10-12 10:24:47,240 [INFO] PluginManager:217 - loadIPPluginJar : add opamp
2023-10-12 10:24:47,319 [INFO] IPUIPlugin:79 - create IPUIPlugin
2023-10-12 10:24:47,319 [INFO] PluginManager:217 - loadIPPluginJar : add openamp
2023-10-12 10:24:47,381 [INFO] IPUIPlugin:79 - create IPUIPlugin
2023-10-12 10:24:47,397 [INFO] PluginManager:217 - loadIPPluginJar : add pdm2pcm
2023-10-12 10:24:47,412 [INFO] IPUIPlugin:79 - create IPUIPlugin
2023-10-12 10:24:47,412 [INFO] PluginManager:217 - loadIPPluginJar : add plateformsettings
2023-10-12 10:24:47,444 [INFO] IPUIPlugin:79 - create IPUIPlugin
2023-10-12 10:24:47,444 [INFO] PluginManager:217 - loadIPPluginJar : add quadspi
2023-10-12 10:24:47,475 [INFO] IPUIPlugin:79 - create IPUIPlugin
2023-10-12 10:24:47,475 [INFO] PluginManager:217 - loadIPPluginJar : add resmgrutility
2023-10-12 10:24:47,553 [INFO] IPUIPlugin:79 - create IPUIPlugin
2023-10-12 10:24:47,553 [INFO] PluginManager:217 - loadIPPluginJar : add sai
2023-10-12 10:24:47,600 [INFO] IPUIPlugin:79 - create IPUIPlugin
2023-10-12 10:24:47,600 [INFO] PluginManager:217 - loadIPPluginJar : add spi
2023-10-12 10:24:47,647 [INFO] IPUIPlugin:79 - create IPUIPlugin
2023-10-12 10:24:47,647 [INFO] PluginManager:217 - loadIPPluginJar : add stm32_wpan
2023-10-12 10:24:47,678 [INFO] IPUIPlugin:79 - create IPUIPlugin
2023-10-12 10:24:47,678 [INFO] PluginManager:217 - loadIPPluginJar : add tim
2023-10-12 10:24:47,740 [INFO] IPUIPlugin:79 - create IPUIPlugin
2023-10-12 10:24:47,740 [INFO] PluginManager:217 - loadIPPluginJar : add touchsensing
2023-10-12 10:24:47,787 [INFO] IPUIPlugin:79 - create IPUIPlugin
2023-10-12 10:24:47,787 [INFO] PluginManager:217 - loadIPPluginJar : add tracer_emb
2023-10-12 10:24:47,819 [INFO] IPUIPlugin:79 - create IPUIPlugin
2023-10-12 10:24:47,819 [INFO] PluginManager:217 - loadIPPluginJar : add ts
2023-10-12 10:24:47,865 [INFO] IPUIPlugin:79 - create IPUIPlugin
2023-10-12 10:24:47,865 [INFO] PluginManager:217 - loadIPPluginJar : add tsc
2023-10-12 10:24:47,912 [INFO] IPUIPlugin:79 - create IPUIPlugin
2023-10-12 10:24:47,912 [INFO] PluginManager:217 - loadIPPluginJar : add ucpd
2023-10-12 10:24:47,975 [INFO] IPUIPlugin:79 - create IPUIPlugin
2023-10-12 10:24:47,975 [INFO] PluginManager:217 - loadIPPluginJar : add usart
2023-10-12 10:24:48,053 [INFO] IPUIPlugin:79 - create IPUIPlugin
2023-10-12 10:24:48,053 [INFO] PluginManager:217 - loadIPPluginJar : add usbx
2023-10-12 10:24:48,992 [FATAL] Updater:301 - Updater called before beeing initialized
2023-10-12 10:24:49,226 [FATAL] Updater:301 - Updater called before beeing initialized
2023-10-12 10:24:49,257 [INFO] DbMcusAds:52 - JSON generation date=Tue Mar 07 10:50:55 EET 2023 (1678179055114)
2023-10-12 10:24:49,257 [FATAL] Updater:301 - Updater called before beeing initialized
2023-10-12 10:24:49,413 [WARN] DetailPanel:344 - Failed to get advertising image, set to default
2023-10-12 10:24:49,585 [FATAL] Updater:301 - Updater called before beeing initialized
2023-10-12 10:24:49,585 [FATAL] Updater:301 - Updater called before beeing initialized
2023-10-12 10:24:49,585 [FATAL] Updater:301 - Updater called before beeing initialized
2023-10-12 10:24:49,585 [WARN] DetailPanel:344 - Failed to get advertising image, set to default
2023-10-12 10:24:49,585 [FATAL] Updater:301 - Updater called before beeing initialized
2023-10-12 10:24:49,695 [ERROR] Updater:1105 - MainUpdater not yet initialized. External WinMGr cannot be set.
2023-10-12 10:24:49,710 [INFO] Updater:1041 - Updater Version found : 6.6.1
2023-10-12 10:24:49,757 [INFO] ApplicationProperties:181 - Using Application install path: C:\ST\STM32CubeIDE_1.10.1\STM32CubeIDE\plugins\com.st.stm32cube.common.mx_6.6.1.202207061420
2023-10-12 10:24:49,898 [INFO] MainUpdater:516 - Copy updater definitions from MX database
2023-10-12 10:24:49,960 [INFO] ThirdPartyUpdaterWithRetryManager:70 - Updater plugin not ready yet. [3/15]
2023-10-12 10:24:50,320 [INFO] MainUpdater:2768 - connection check result : 10
2023-10-12 10:24:50,320 [INFO] MainUpdater:3453 - Updater definition file requires update
2023-10-12 10:24:50,320 [INFO] MainUpdater:280 - Updater Check For Update Now.
2023-10-12 10:24:50,320 [INFO] MicroXplorer:481 - Change Database Version : DB.6.0.60
2023-10-12 10:24:50,658 [INFO] ServerAccessManage:474 - Download File updaters.zip
2023-10-12 10:24:50,752 [INFO] FileExtend:239 - Unzip File : updaters.zip
2023-10-12 10:24:50,752 [INFO] FileExtend:254 - Standard Zip Deflate
2023-10-12 10:24:51,689 [INFO] ServerAccessManage:474 - Download File PacksControlFlags.xml
2023-10-12 10:24:51,939 [INFO] ServerAccessManage:474 - Download File cubemx.pidx
2023-10-12 10:24:52,408 [INFO] LoadServerUpdatesThread:367 - End of LoadServerUpdate Thread
2023-10-12 10:24:52,767 [INFO] CheckServerUpdateThread:119 - End of CheckServer Thread
2023-10-12 10:24:52,783 [INFO] MainUpdater:2768 - connection check result : 10
2023-10-12 10:24:53,861 [WARN] PackLoader:242 - Cannot read IP mode file for STMicroelectronics.X-CUBE-SMBUS.2.1.0
2023-10-12 10:24:53,986 [WARN] PackLoader:242 - Cannot read IP mode file for STMicroelectronics.X-CUBE-AZRTOS-F7.1.1.0
2023-10-12 10:24:54,033 [WARN] PackLoader:242 - Cannot read IP mode file for STMicroelectronics.FP-SNS-MOTENV1.4.3.2
2023-10-12 10:24:54,127 [WARN] PackLoader:242 - Cannot read IP mode file for STMicroelectronics.X-CUBE-BLE1.6.2.3
2023-10-12 10:24:54,283 [WARN] PackLoader:242 - Cannot read IP mode file for STMicroelectronics.X-CUBE-BLE1.6.2.4
2023-10-12 10:24:54,392 [WARN] PackLoader:242 - Cannot read IP mode file for STMicroelectronics.FP-SNS-FLIGHT1.5.0.2
2023-10-12 10:24:54,486 [WARN] PackLoader:242 - Cannot read IP mode file for STMicroelectronics.X-CUBE-DISPLAY.3.0.0
2023-10-12 10:24:54,627 [WARN] PackLoader:242 - Cannot read IP mode file for STMicroelectronics.X-CUBE-BLE1.7.0.0
2023-10-12 10:24:54,658 [WARN] PackLoader:242 - Cannot read IP mode file for STMicroelectronics.X-CUBE-TOUCHGFX.4.22.1
2023-10-12 10:24:54,892 [WARN] PackLoader:242 - Cannot read IP mode file for STMicroelectronics.X-CUBE-MEMS1.9.3.0
2023-10-12 10:24:55,017 [INFO] McuFinderGlobals:57 - Set McuFinderConnectedMode to true
2023-10-12 10:24:55,033 [INFO] MultiScanPanel:195 - Auto-refresh data requested => check proxy status ongoing
2023-10-12 10:24:55,033 [INFO] FinderPluginLoader:92 - Searching for filters in installed packs
2023-10-12 10:24:55,470 [WARN] PackLoader:242 - Cannot read IP mode file for STMicroelectronics.FP-SNS-SMARTAG2.1.2.0
2023-10-12 10:24:55,783 [INFO] LogOutputStream:76 - [STDOUT_REDIRECT] 1 : Invalid condition id : UX_CORESTACK_Condition cause : null
2023-10-12 10:24:55,783 [INFO] LogOutputStream:76 - [STDOUT_REDIRECT] 1 : Invalid condition id : UX_CORESTACK_Condition cause : null
2023-10-12 10:24:55,783 [INFO] LogOutputStream:76 - [STDOUT_REDIRECT] 1 : Invalid condition id : UX_CORESTACK_Condition cause : null
2023-10-12 10:24:55,783 [INFO] LogOutputStream:76 - [STDOUT_REDIRECT] 1 : Invalid condition id : UX_CORESTACK_Condition cause : null
2023-10-12 10:24:55,783 [INFO] LogOutputStream:76 - [STDOUT_REDIRECT] 1 : Invalid condition id : UX_CORESTACK_Condition cause : null
2023-10-12 10:24:55,798 [WARN] PackLoader:242 - Cannot read IP mode file for STMicroelectronics.X-CUBE-AZRTOS-WL.2.0.0
2023-10-12 10:24:55,861 [INFO] ApiDb:576 - Connected to CubeFinder SQLite database (C:\Users\Mikey\.stmcufinder\plugins\mcufinder\mcu\cube-finder-db.db)
2023-10-12 10:24:56,002 [WARN] PackLoader:242 - Cannot read IP mode file for WES.I-CUBE-Cesium.1.3.0
2023-10-12 10:24:56,173 [INFO] ApiDb:663 - CubeFinder database Data Model version=2.1
2023-10-12 10:24:56,173 [INFO] ApiDb:664 - CubeFinder database Configuration version=3.0.37
2023-10-12 10:24:56,173 [INFO] ApiDb:665 - CubeFinder database generation date=2023-08-09 (1691586011)
2023-10-12 10:24:56,173 [INFO] ApiDb:666 - CubeFinder database FW Pack versions=[FP-ATR-ASTRA1_V2.0.0, FP-SNS-FLIGHT1_V5.0.1, FP-SNS-FLIGHT1_V5.0.2, FP-SNS-MOTENV1_V4.3.1, FP-SNS-MOTENV1_V4.3.2, STM32Cube_FW_C0_V1.1.0, STM32Cube_FW_F4_V1.27.1, STM32Cube_FW_F7_V1.17.0, STM32Cube_FW_G0_V1.6.1, STM32Cube_FW_G4_V1.5.1, STM32Cube_FW_H5_V0.5.1, STM32Cube_FW_H5_V1.1.0, STM32Cube_FW_H7_V1.11.0, STM32Cube_FW_L0_V1.12.2, STM32Cube_FW_L5_V1.5.0, STM32Cube_FW_U5_V1.3.0, STM32Cube_FW_U5_V1.3.0RC4, STM32Cube_FW_WBA_V1.0.0RC1, STM32Cube_FW_WBA_V1.1.0, STM32Cube_FW_WBA_V1.1.0RC1, STM32Cube_FW_WB_V1.15.0RC1, STM32Cube_FW_WB_V1.16.0, STM32Cube_FW_WB_V1.16.0RC2, STM32Cube_FW_WB_V1.17.0, STM32Cube_FW_WL_V1.3.0, X-CUBE-ALGOBUILD_V1.3.0, X-CUBE-ALS_V1.0.1, X-CUBE-AZRTOS-F4_V1.1.0, X-CUBE-AZRTOS-F7_V1.1.0, X-CUBE-AZRTOS-G0_V1.1.0, X-CUBE-AZRTOS-G4_V2.0.0, X-CUBE-AZRTOS-H7_V3.1.0, X-CUBE-AZRTOS-L4_V1.0.0, X-CUBE-AZRTOS-L4_V2.0.0, X-CUBE-AZRTOS-L5_V1.1.0, X-CUBE-AZRTOS-WB_V1.1.0, X-CUBE-AZRTOS-WL_V2.0.0, X-CUBE-BLE1_V7.0.0, X-CUBE-BLE2_V3.3.0, X-CUBE-BLEMGR_V2.0.0, X-CUBE-EEPRMA1_V4.1.0, X-CUBE-FREERTOS_V1.1.0, X-CUBE-GNSS1_V6.0.0, X-CUBE-MEMS1_V9.1.0, X-CUBE-MEMS1_V9.4.0, X-CUBE-MEMS1_V9.6.0, X-CUBE-NFC4_V3.0.0, X-CUBE-NFC7_V1.0.0, X-CUBE-SFXS2LP1_V4.0.0, X-CUBE-SUBG2_V5.0.0, X-CUBE-TOF1_V3.3.1]
2023-10-12 10:24:56,627 [WARN] PackLoader:242 - Cannot read IP mode file for STMicroelectronics.X-CUBE-BLE2.3.3.0
2023-10-12 10:24:56,720 [WARN] PackLoader:242 - Cannot read IP mode file for STMicroelectronics.X-CUBE-DISPLAY.2.2.0
2023-10-12 10:24:56,814 [WARN] PackLoader:242 - Cannot read IP mode file for STMicroelectronics.X-CUBE-TOF1.3.2.0
2023-10-12 10:24:56,939 [WARN] PackLoader:242 - Cannot read IP mode file for STMicroelectronics.X-CUBE-AZRTOS-H7.2.1.0
2023-10-12 10:24:57,189 [WARN] PackLoader:242 - Cannot read IP mode file for STMicroelectronics.X-CUBE-TOUCHGFX.4.21.1
2023-10-12 10:24:57,236 [WARN] PackLoader:242 - Cannot read IP mode file for STMicroelectronics.X-CUBE-TOUCHGFX.4.21.0
2023-10-12 10:24:57,642 [WARN] PackLoader:242 - Cannot read IP mode file for STMicroelectronics.X-CUBE-MEMS1.9.4.0
2023-10-12 10:24:57,876 [WARN] PackLoader:242 - Cannot read IP mode file for STMicroelectronics.X-CUBE-AI.7.3.0
2023-10-12 10:24:57,923 [WARN] PackLoader:242 - Cannot read IP mode file for STMicroelectronics.X-CUBE-ALGOBUILD.1.3.0
2023-10-12 10:24:58,408 [WARN] PackLoader:242 - Cannot read IP mode file for STMicroelectronics.X-CUBE-AZRTOS-G0.1.1.0
2023-10-12 10:24:58,533 [WARN] PackLoader:242 - Cannot read IP mode file for STMicroelectronics.X-CUBE-NFC4.3.0.0
2023-10-12 10:24:58,720 [WARN] PackLoader:242 - Cannot read IP mode file for SEGGER.I-CUBE-embOS.1.2.1
2023-10-12 10:24:59,283 [WARN] PackLoader:242 - Cannot read IP mode file for STMicroelectronics.X-CUBE-BLEMGR.1.3.0
2023-10-12 10:24:59,314 [WARN] PackLoader:242 - Cannot read IP mode file for STMicroelectronics.FP-ATR-SIGFOX1.3.2.0
2023-10-12 10:24:59,345 [WARN] PackLoader:242 - Cannot read IP mode file for STMicroelectronics.X-CUBE-TOUCHGFX.4.20.0
2023-10-12 10:24:59,408 [WARN] PackLoader:242 - Cannot read IP mode file for SEGGER.I-CUBE-embOS.1.3.1
2023-10-12 10:24:59,705 [WARN] PackLoader:242 - Cannot read IP mode file for STMicroelectronics.X-CUBE-GNSS1.6.0.0
2023-10-12 10:24:59,939 [WARN] PackLoader:242 - Cannot read IP mode file for STMicroelectronics.X-CUBE-AZRTOS-F4.1.1.0
2023-10-12 10:25:00,564 [WARN] PackLoader:242 - Cannot read IP mode file for STMicroelectronics.X-CUBE-BLEMGR.1.2.0
2023-10-12 10:25:00,767 [WARN] PackLoader:242 - Cannot read IP mode file for STMicroelectronics.X-CUBE-AZRTOS-L5.2.0.0
2023-10-12 10:25:00,861 [WARN] PackLoader:242 - Cannot read IP mode file for STMicroelectronics.X-CUBE-MEMS1.9.6.0
2023-10-12 10:25:01,283 [WARN] PackLoader:242 - Cannot read IP mode file for ITTIA_DB.I-CUBE-ITTIADB.8.8.0
2023-10-12 10:25:01,314 [WARN] PackLoader:242 - Cannot read IP mode file for emotas.I-CUBE-CANOPEN.1.1.3
2023-10-12 10:25:01,392 [WARN] PackLoader:242 - Cannot read IP mode file for STMicroelectronics.X-CUBE-BLEMGR.2.0.0
2023-10-12 10:25:01,423 [WARN] PackLoader:242 - Cannot read IP mode file for STMicroelectronics.X-CUBE-NFC4.2.0.5
2023-10-12 10:25:01,486 [WARN] ConditionMgr:437 - getConditionDescription Invalid condition id : UX DEVICE CLASS RTOS Condition cause : null
2023-10-12 10:25:01,501 [WARN] ConditionMgr:437 - getConditionDescription Invalid condition id : UX DEVICE CLASS RTOS Condition cause : null
2023-10-12 10:25:01,501 [WARN] PackLoader:242 - Cannot read IP mode file for STMicroelectronics.X-CUBE-AZRTOS-H7.3.1.0
2023-10-12 10:25:01,501 [WARN] ConditionMgr:1038 - genDependencies : Invalid condition id : UX DEVICE CLASS RTOS Condition cause : null
2023-10-12 10:25:01,501 [WARN] ConditionMgr:1038 - genDependencies : Invalid condition id : UX DEVICE CLASS RTOS Condition cause : null
2023-10-12 10:25:01,501 [WARN] ConditionMgr:1038 - genDependencies : Invalid condition id : UX DEVICE CLASS RTOS Condition cause : null
2023-10-12 10:25:01,501 [WARN] ConditionMgr:1038 - genDependencies : Invalid condition id : UX DEVICE CLASS RTOS Condition cause : null
2023-10-12 10:25:01,501 [WARN] ConditionMgr:1038 - genDependencies : Invalid condition id : UX DEVICE CLASS RTOS Condition cause : null
2023-10-12 10:25:01,658 [WARN] PackLoader:242 - Cannot read IP mode file for wolfSSL.I-CUBE-wolfSSL.5.5.3
2023-10-12 10:25:01,767 [WARN] PackLoader:242 - Cannot read IP mode file for STMicroelectronics.X-CUBE-NFC7.1.0.1
2023-10-12 10:25:02,001 [WARN] PackLoader:242 - Cannot read IP mode file for STMicroelectronics.X-CUBE-NFC7.1.0.0
2023-10-12 10:25:02,204 [WARN] PackLoader:242 - Cannot read IP mode file for STMicroelectronics.X-CUBE-NFC6.3.0.0
2023-10-12 10:25:02,236 [WARN] PackLoader:242 - Cannot read IP mode file for STMicroelectronics.X-CUBE-EEPRMA1.4.1.0
2023-10-12 10:25:02,330 [WARN] PackLoader:242 - Cannot read IP mode file for STMicroelectronics.X-CUBE-AI.8.1.0
2023-10-12 10:25:02,423 [WARN] ConditionMgr:437 - getConditionDescription Invalid condition id : LAN8742 Phy interface Condition cause : null
2023-10-12 10:25:02,439 [WARN] PackLoader:242 - Cannot read IP mode file for STMicroelectronics.X-CUBE-AZRTOS-L4.2.0.0
2023-10-12 10:25:02,470 [WARN] ConditionMgr:1038 - genDependencies : Invalid condition id : LAN8742 Phy interface Condition cause : null
2023-10-12 10:25:02,470 [WARN] ConditionMgr:1038 - genDependencies : Invalid condition id : LAN8742 Phy interface Condition cause : null
2023-10-12 10:25:02,486 [WARN] ConditionMgr:1038 - genDependencies : Invalid condition id : LAN8742 Phy interface Condition cause : null
2023-10-12 10:25:02,517 [WARN] PackLoader:242 - Cannot read IP mode file for STMicroelectronics.X-CUBE-SFXS2LP1.4.0.0
2023-10-12 10:25:02,611 [WARN] PackLoader:242 - Cannot read IP mode file for STMicroelectronics.X-CUBE-AZRTOS-H7.3.0.0
2023-10-12 10:25:02,626 [WARN] PackLoader:242 - Cannot read IP mode file for STMicroelectronics.X-CUBE-ISPU.1.1.0
2023-10-12 10:25:02,658 [WARN] PackLoader:242 - Cannot read IP mode file for RoweBots.I-CUBE-UNISONRTOS.5.5.0-4
2023-10-12 10:25:02,704 [WARN] ConditionMgr:437 - getConditionDescription Invalid condition id : UX DEVICE CLASS RTOS Condition cause : null
2023-10-12 10:25:02,704 [WARN] ConditionMgr:437 - getConditionDescription Invalid condition id : UX DEVICE CLASS RTOS Condition cause : null
2023-10-12 10:25:02,704 [WARN] PackLoader:242 - Cannot read IP mode file for STMicroelectronics.X-CUBE-AZRTOS-WB.2.0.0
2023-10-12 10:25:02,704 [WARN] ConditionMgr:1038 - genDependencies : Invalid condition id : UX DEVICE CLASS RTOS Condition cause : null
2023-10-12 10:25:02,704 [WARN] ConditionMgr:1038 - genDependencies : Invalid condition id : UX DEVICE CLASS RTOS Condition cause : null
2023-10-12 10:25:02,720 [WARN] ConditionMgr:1038 - genDependencies : Invalid condition id : UX DEVICE CLASS RTOS Condition cause : null
2023-10-12 10:25:02,720 [WARN] ConditionMgr:1038 - genDependencies : Invalid condition id : UX DEVICE CLASS RTOS Condition cause : null
2023-10-12 10:25:02,720 [WARN] ConditionMgr:1038 - genDependencies : Invalid condition id : UX DEVICE CLASS RTOS Condition cause : null
2023-10-12 10:25:02,751 [WARN] PackLoader:242 - Cannot read IP mode file for STMicroelectronics.X-CUBE-AZRTOS-L5.1.1.0
2023-10-12 10:25:02,798 [WARN] PackLoader:242 - Cannot read IP mode file for STMicroelectronics.X-CUBE-SUBG2.5.0.0
2023-10-12 10:25:02,845 [WARN] PackLoader:242 - Cannot read IP mode file for STMicroelectronics.X-CUBE-TOF1.3.3.1
2023-10-12 10:25:02,939 [WARN] PackLoader:242 - Cannot read IP mode file for STMicroelectronics.X-CUBE-AZRTOS-G4.2.0.0
2023-10-12 10:25:03,283 [WARN] PackLoader:242 - Cannot read IP mode file for STMicroelectronics.FP-ATR-ASTRA1.1.1.1
2023-10-12 10:25:03,314 [WARN] PackLoader:242 - Cannot read IP mode file for Infineon.AIROC-Wi-Fi-Bluetooth-STM32.1.5.1
2023-10-12 10:25:03,673 [WARN] PackLoader:242 - Cannot read IP mode file for STMicroelectronics.X-CUBE-AZRTOS-G4.1.0.0
2023-10-12 10:25:03,923 [WARN] PackLoader:242 - Cannot read IP mode file for STMicroelectronics.X-CUBE-AZRTOS-L4.1.0.0
2023-10-12 10:25:03,954 [WARN] PackLoader:242 - Cannot read IP mode file for STMicroelectronics.X-CUBE-FREERTOS.1.1.0
2023-10-12 10:25:04,001 [WARN] PackLoader:242 - Cannot read IP mode file for STMicroelectronics.X-CUBE-AZRTOS-WL.1.0.0
2023-10-12 10:25:04,095 [WARN] PackLoader:242 - Cannot read IP mode file for portGmbH.I-Cube-SoM-uGOAL.1.1.0
2023-10-12 10:25:04,111 [WARN] PackLoader:242 - Cannot read IP mode file for STMicroelectronics.X-CUBE-ALS.1.0.1
2023-10-12 10:25:04,173 [WARN] PackLoader:242 - Cannot read IP mode file for STMicroelectronics.X-CUBE-AZRTOS-WB.1.1.0
2023-10-12 10:25:04,423 [WARN] PackLoader:242 - Cannot read IP mode file for STMicroelectronics.X-CUBE-AZRTOS-L5.1.0.0
2023-10-12 10:25:04,470 [WARN] PackLoader:242 - Cannot read IP mode file for STMicroelectronics.X-CUBE-EEPRMA1.3.1.1
2023-10-12 10:25:04,501 [WARN] PackLoader:242 - Cannot read IP mode file for STMicroelectronics.FP-ATR-ASTRA1.2.0.0
2023-10-12 10:25:04,501 [INFO] ThirdParty:929 - Integrity check success = true
2023-10-12 10:25:04,501 [INFO] IntegrityCheckThread:98 - exiting critical section [integrity check]
2023-10-12 10:25:04,501 [INFO] IntegrityCheckThread:101 - End integrity checks thread
2023-10-12 10:25:04,783 [INFO] ApiDb:239 - Found 138 in-development CPN: [B-WB1M-WPAN1, NUCLEO-C031C6, STEVAL-STWINBX1, STM320518-EVAL, STM32C0116-DK, STM32C011D6Y3TR, STM32C011D6Y6TR, STM32C011F4P3, STM32C011F4P6, STM32C011F4U3, STM32C011F4U6TR, STM32C011F6P3, STM32C011F6P6, STM32C011F6U3, STM32C011F6U6TR, STM32C011J4M3, STM32C011J4M6, STM32C011J6M3, STM32C011J6M6, STM32C0316-DK, STM32C031C4T3, STM32C031C4T6, STM32C031C4U3, STM32C031C4U6, STM32C031C6T3, STM32C031C6T6, STM32C031C6U3, STM32C031C6U6, STM32C031F4P3, STM32C031F4P6, STM32C031F6P3, STM32C031F6P6, STM32C031G4U3, STM32C031G4U6, STM32C031G6U3, STM32C031G6U6, STM32C031K4T3, STM32C031K4T6, STM32C031K4U3, STM32C031K4U6, STM32C031K6T3, STM32C031K6T6, STM32C031K6U3, STM32C031K6U6, STM32G071K8TXN, STM32G071K8UXN, STM32G081GBU6N, STM32G081KBT6N, STM32G081KBUXN, STM32G0B1CCT6N, STM32G0B1KCT6, STM32G0B1NEY6TR, STM32G0B1RCT6N, STM32G0C1CCT6, STM32G0C1CCT6N, STM32G0C1CCU6N, STM32G0C1CET6N, STM32G0C1CEU6N, STM32G0C1KCT6, STM32G0C1NEY6TR, STM32G0C1RCI6N, STM32G0C1RCT6N, STM32G0C1REI6N, STM32G0C1RET6N, STM32G0C1VCI6, STM32G0C1VEI6, STM32G471CCT6, STM32G471CCU6, STM32G471CET3, STM32G471CET6, STM32G471CEU3, STM32G471CEU6, STM32G471MCT6, STM32G471MET3, STM32G471MET6, STM32G471MEY6TR, STM32G471QCT6, STM32G471QET3, STM32G471RCT6, STM32G471RET3, STM32G471RET6, STM32G471VCH6, STM32G471VCI6, STM32G471VCT6, STM32G471VEH3, STM32G471VEH6, STM32G471VEI3, STM32G471VEI6, STM32G471VET3, STM32G471VET6, STM32G474CCT6, STM32L476VGY6PTR, STM32L4R5QGI6STR, STM32MP131AAE3, STM32MP131AAF3, STM32MP131AAG3, STM32MP131CAE3, STM32MP131CAF3, STM32MP131CAG3, STM32MP131DAE7, STM32MP131DAF7, STM32MP131DAG7, STM32MP131FAE7, STM32MP131FAF7, STM32MP131FAG7, STM32MP133AAE3, STM32MP133AAF3, STM32MP133AAG3, STM32MP133CAE3, STM32MP133CAF3, STM32MP133CAG3, STM32MP133DAE7, STM32MP133DAF7, STM32MP133DAG7, STM32MP133FAE7, STM32MP133FAF7, STM32MP133FAG7, STM32MP135AAE3, STM32MP135AAF3, STM32MP135AAG3, STM32MP135CAE3, STM32MP135CAF3, STM32MP135CAG3, STM32MP135DAE7, STM32MP135DAF7, STM32MP135DAG7, STM32MP135F-DK, STM32MP135FAE7, STM32MP135FAF7, STM32MP135FAG7, STM32U595ZJT6Q, STM32U599BJY6QTR, STM32U599NIH6Q, STM32U599NJH6Q, STM32U5A5ZJT6Q, STM32U5A9BJY6QTR, STM32U5A9NJH6Q, STM32WB1MMCH6]
2023-10-12 10:25:04,783 [INFO] DbMcus:215 - Found 3805 MCUs, 3805 are supported
2023-10-12 10:25:04,798 [INFO] ApiDb:418 - Load user favorites file C:\Users\Mikey/.stm32cubeide/favorites.mcus.txt: 0 item(s)
2023-10-12 10:25:04,798 [INFO] ApiDb:422 - User favorites MCUs=[]
2023-10-12 10:25:04,798 [INFO] DbMcus:221 - Set 0 / 0 favorites MCUs
2023-10-12 10:25:08,151 [INFO] LoadUrlFilesThread:177 - End of LoadServerUrlFiles without Thread
2023-10-12 10:25:08,182 [INFO] DetailPanel:339 - Set advertising image to C:/Users/Mikey/STM32Cube/Repository/\en.prom-stm32h5-mcu-finder.jpg
2023-10-12 10:25:10,795 [INFO] MultiScanPanel:778 - Auto Refresh Data is not needed
2023-10-12 10:25:10,861 [INFO] ApiDb:663 - CubeFinder database Data Model version=2.1
2023-10-12 10:25:10,861 [INFO] ApiDb:664 - CubeFinder database Configuration version=3.0.37
2023-10-12 10:25:10,861 [INFO] ApiDb:665 - CubeFinder database generation date=2023-08-09 (1691586011)
2023-10-12 10:25:10,861 [INFO] ApiDb:666 - CubeFinder database FW Pack versions=[FP-ATR-ASTRA1_V2.0.0, FP-SNS-FLIGHT1_V5.0.1, FP-SNS-FLIGHT1_V5.0.2, FP-SNS-MOTENV1_V4.3.1, FP-SNS-MOTENV1_V4.3.2, STM32Cube_FW_C0_V1.1.0, STM32Cube_FW_F4_V1.27.1, STM32Cube_FW_F7_V1.17.0, STM32Cube_FW_G0_V1.6.1, STM32Cube_FW_G4_V1.5.1, STM32Cube_FW_H5_V0.5.1, STM32Cube_FW_H5_V1.1.0, STM32Cube_FW_H7_V1.11.0, STM32Cube_FW_L0_V1.12.2, STM32Cube_FW_L5_V1.5.0, STM32Cube_FW_U5_V1.3.0, STM32Cube_FW_U5_V1.3.0RC4, STM32Cube_FW_WBA_V1.0.0RC1, STM32Cube_FW_WBA_V1.1.0, STM32Cube_FW_WBA_V1.1.0RC1, STM32Cube_FW_WB_V1.15.0RC1, STM32Cube_FW_WB_V1.16.0, STM32Cube_FW_WB_V1.16.0RC2, STM32Cube_FW_WB_V1.17.0, STM32Cube_FW_WL_V1.3.0, X-CUBE-ALGOBUILD_V1.3.0, X-CUBE-ALS_V1.0.1, X-CUBE-AZRTOS-F4_V1.1.0, X-CUBE-AZRTOS-F7_V1.1.0, X-CUBE-AZRTOS-G0_V1.1.0, X-CUBE-AZRTOS-G4_V2.0.0, X-CUBE-AZRTOS-H7_V3.1.0, X-CUBE-AZRTOS-L4_V1.0.0, X-CUBE-AZRTOS-L4_V2.0.0, X-CUBE-AZRTOS-L5_V1.1.0, X-CUBE-AZRTOS-WB_V1.1.0, X-CUBE-AZRTOS-WL_V2.0.0, X-CUBE-BLE1_V7.0.0, X-CUBE-BLE2_V3.3.0, X-CUBE-BLEMGR_V2.0.0, X-CUBE-EEPRMA1_V4.1.0, X-CUBE-FREERTOS_V1.1.0, X-CUBE-GNSS1_V6.0.0, X-CUBE-MEMS1_V9.1.0, X-CUBE-MEMS1_V9.4.0, X-CUBE-MEMS1_V9.6.0, X-CUBE-NFC4_V3.0.0, X-CUBE-NFC7_V1.0.0, X-CUBE-SFXS2LP1_V4.0.0, X-CUBE-SUBG2_V5.0.0, X-CUBE-TOF1_V3.3.1]
2023-10-12 10:25:11,064 [INFO] DbBoardsSqlite:227 - include board P-NUCLEO-WB55-NUCLEO as a kit item of type 'Nucleo-64'
2023-10-12 10:25:11,064 [INFO] DbBoardsSqlite:227 - include board P-NUCLEO-WB55-USBDONGLE as a kit item of type 'Nucleo USB Dongle'
2023-10-12 10:25:11,064 [INFO] DbBoardsSqlite:227 - include board STEVAL-IDP005V1 as a kit item of type 'Evaluation Board'
2023-10-12 10:25:11,064 [INFO] DbBoardsSqlite:227 - include board STEVAL-IDP005V2 as a kit item of type 'Evaluation Board'
2023-10-12 10:25:11,189 [INFO] ApiDb:239 - Found 138 in-development CPN: [B-WB1M-WPAN1, NUCLEO-C031C6, STEVAL-STWINBX1, STM320518-EVAL, STM32C0116-DK, STM32C011D6Y3TR, STM32C011D6Y6TR, STM32C011F4P3, STM32C011F4P6, STM32C011F4U3, STM32C011F4U6TR, STM32C011F6P3, STM32C011F6P6, STM32C011F6U3, STM32C011F6U6TR, STM32C011J4M3, STM32C011J4M6, STM32C011J6M3, STM32C011J6M6, STM32C0316-DK, STM32C031C4T3, STM32C031C4T6, STM32C031C4U3, STM32C031C4U6, STM32C031C6T3, STM32C031C6T6, STM32C031C6U3, STM32C031C6U6, STM32C031F4P3, STM32C031F4P6, STM32C031F6P3, STM32C031F6P6, STM32C031G4U3, STM32C031G4U6, STM32C031G6U3, STM32C031G6U6, STM32C031K4T3, STM32C031K4T6, STM32C031K4U3, STM32C031K4U6, STM32C031K6T3, STM32C031K6T6, STM32C031K6U3, STM32C031K6U6, STM32G071K8TXN, STM32G071K8UXN, STM32G081GBU6N, STM32G081KBT6N, STM32G081KBUXN, STM32G0B1CCT6N, STM32G0B1KCT6, STM32G0B1NEY6TR, STM32G0B1RCT6N, STM32G0C1CCT6, STM32G0C1CCT6N, STM32G0C1CCU6N, STM32G0C1CET6N, STM32G0C1CEU6N, STM32G0C1KCT6, STM32G0C1NEY6TR, STM32G0C1RCI6N, STM32G0C1RCT6N, STM32G0C1REI6N, STM32G0C1RET6N, STM32G0C1VCI6, STM32G0C1VEI6, STM32G471CCT6, STM32G471CCU6, STM32G471CET3, STM32G471CET6, STM32G471CEU3, STM32G471CEU6, STM32G471MCT6, STM32G471MET3, STM32G471MET6, STM32G471MEY6TR, STM32G471QCT6, STM32G471QET3, STM32G471RCT6, STM32G471RET3, STM32G471RET6, STM32G471VCH6, STM32G471VCI6, STM32G471VCT6, STM32G471VEH3, STM32G471VEH6, STM32G471VEI3, STM32G471VEI6, STM32G471VET3, STM32G471VET6, STM32G474CCT6, STM32L476VGY6PTR, STM32L4R5QGI6STR, STM32MP131AAE3, STM32MP131AAF3, STM32MP131AAG3, STM32MP131CAE3, STM32MP131CAF3, STM32MP131CAG3, STM32MP131DAE7, STM32MP131DAF7, STM32MP131DAG7, STM32MP131FAE7, STM32MP131FAF7, STM32MP131FAG7, STM32MP133AAE3, STM32MP133AAF3, STM32MP133AAG3, STM32MP133CAE3, STM32MP133CAF3, STM32MP133CAG3, STM32MP133DAE7, STM32MP133DAF7, STM32MP133DAG7, STM32MP133FAE7, STM32MP133FAF7, STM32MP133FAG7, STM32MP135AAE3, STM32MP135AAF3, STM32MP135AAG3, STM32MP135CAE3, STM32MP135CAF3, STM32MP135CAG3, STM32MP135DAE7, STM32MP135DAF7, STM32MP135DAG7, STM32MP135F-DK, STM32MP135FAE7, STM32MP135FAF7, STM32MP135FAG7, STM32U595ZJT6Q, STM32U599BJY6QTR, STM32U599NIH6Q, STM32U599NJH6Q, STM32U5A5ZJT6Q, STM32U5A9BJY6QTR, STM32U5A9NJH6Q, STM32WB1MMCH6]
2023-10-12 10:25:11,423 [INFO] BoardInfo:879 - No configuration file found for board NUCLEO-H503RB
2023-10-12 10:25:11,423 [INFO] DbBoards:156 - Board is not supported: NUCLEO-H503RB
2023-10-12 10:25:11,423 [INFO] BoardInfo:879 - No configuration file found for board NUCLEO-H563ZI
2023-10-12 10:25:11,423 [INFO] DbBoards:156 - Board is not supported: NUCLEO-H563ZI
2023-10-12 10:25:11,518 [INFO] BoardInfo:879 - No configuration file found for board NUCLEO-U545RE-Q
2023-10-12 10:25:11,518 [INFO] DbBoards:156 - Board is not supported: NUCLEO-U545RE-Q
2023-10-12 10:25:11,518 [INFO] BoardInfo:879 - No configuration file found for board NUCLEO-U5A5ZJ-Q
2023-10-12 10:25:11,518 [INFO] DbBoards:156 - Board is not supported: NUCLEO-U5A5ZJ-Q
2023-10-12 10:25:11,549 [INFO] BoardInfo:879 - No configuration file found for board NUCLEO-WBA52CG
2023-10-12 10:25:11,549 [INFO] DbBoards:156 - Board is not supported: NUCLEO-WBA52CG
2023-10-12 10:25:11,565 [INFO] BoardInfo:879 - No configuration file found for board P-NUCLEO-WB55
2023-10-12 10:25:11,565 [INFO] DbBoards:156 - Kit is not supported: P-NUCLEO-WB55
2023-10-12 10:25:11,581 [INFO] BoardInfo:879 - No configuration file found for board STEVAL-BFA001V1B
2023-10-12 10:25:11,581 [INFO] DbBoards:156 - Kit is not supported: STEVAL-BFA001V1B
2023-10-12 10:25:11,581 [INFO] BoardInfo:879 - No configuration file found for board STEVAL-BFA001V2B
2023-10-12 10:25:11,581 [INFO] DbBoards:156 - Kit is not supported: STEVAL-BFA001V2B
2023-10-12 10:25:11,612 [INFO] BoardInfo:879 - No configuration file found for board STEVAL-PROTEUS1
2023-10-12 10:25:11,612 [INFO] DbBoards:156 - Board is not supported: STEVAL-PROTEUS1
2023-10-12 10:25:11,674 [INFO] BoardInfo:879 - No configuration file found for board STEVAL-SMARTAG2
2023-10-12 10:25:11,674 [INFO] DbBoards:156 - Board is not supported: STEVAL-SMARTAG2
2023-10-12 10:25:11,831 [INFO] BoardInfo:879 - No configuration file found for board STM32H573I-DK
2023-10-12 10:25:11,831 [INFO] DbBoards:156 - Board is not supported: STM32H573I-DK
2023-10-12 10:25:12,018 [INFO] BoardInfo:879 - No configuration file found for board STM32U5A9J-DK
2023-10-12 10:25:12,018 [INFO] DbBoards:156 - Board is not supported: STM32U5A9J-DK
2023-10-12 10:25:12,034 [INFO] DbBoards:160 - Found 186 boards, 174 are supported
2023-10-12 10:25:12,456 [INFO] ApiDb:418 - Load user favorites file C:\Users\Mikey/.stm32cubeide/favorites.boards.txt: 0 item(s)
2023-10-12 10:25:12,456 [INFO] ApiDb:422 - User favorites Boards=[]
2023-10-12 10:25:12,456 [INFO] DbBoards:189 - Set 0 / 0 favorites Boards
2023-10-12 10:43:46,512 [INFO] MultiScanPanel:195 - Auto-refresh data requested => check proxy status ongoing
2023-10-12 10:43:46,793 [INFO] LoadUrlFilesThread:177 - End of LoadServerUrlFiles without Thread
2023-10-12 10:43:46,793 [INFO] DetailPanel:339 - Set advertising image to C:/Users/Mikey/STM32Cube/Repository/\en.prom-stm32h5-mcu-finder.jpg
2023-10-12 10:43:46,824 [INFO] DbBoards:628 - Loading board mini-images...
2023-10-12 10:43:47,418 [ERROR] DbBoards:648 - No image file defined for board B-WB1M-WPAN1
2023-10-12 10:43:47,418 [ERROR] DbBoards:645 - Image file not found for board NUCLEO-C031C6: C:\ST\STM32CubeIDE_1.10.1\STM32CubeIDE\plugins\com.st.stm32cube.common.mx_6.6.1.202207061420\\db\/plugins/mcufinder/images/boards/bp-nucleo-c031c6.jpg
2023-10-12 10:43:48,887 [ERROR] DbBoards:645 - Image file not found for board NUCLEO-H503RB: C:\ST\STM32CubeIDE_1.10.1\STM32CubeIDE\plugins\com.st.stm32cube.common.mx_6.6.1.202207061420\\db\/plugins/mcufinder/images/boards/bp-nucleo-h503rb-estore.jpg
2023-10-12 10:43:48,887 [ERROR] DbBoards:645 - Image file not found for board NUCLEO-H563ZI: C:\ST\STM32CubeIDE_1.10.1\STM32CubeIDE\plugins\com.st.stm32cube.common.mx_6.6.1.202207061420\\db\/plugins/mcufinder/images/boards/bp-nucleo-h563zi-estore.jpg
2023-10-12 10:43:49,605 [ERROR] DbBoards:645 - Image file not found for board NUCLEO-U545RE-Q: C:\ST\STM32CubeIDE_1.10.1\STM32CubeIDE\plugins\com.st.stm32cube.common.mx_6.6.1.202207061420\\db\/plugins/mcufinder/images/boards/nucleo-u545re-q.jpg
2023-10-12 10:43:49,637 [ERROR] DbBoards:645 - Image file not found for board NUCLEO-U5A5ZJ-Q: C:\ST\STM32CubeIDE_1.10.1\STM32CubeIDE\plugins\com.st.stm32cube.common.mx_6.6.1.202207061420\\db\/plugins/mcufinder/images/boards/nucleo-u545re-q.jpg
2023-10-12 10:43:49,637 [ERROR] DbBoards:648 - No image file defined for board NUCLEO-WB15CC
2023-10-12 10:43:49,684 [ERROR] DbBoards:645 - Image file not found for board NUCLEO-WBA52CG: C:\ST\STM32CubeIDE_1.10.1\STM32CubeIDE\plugins\com.st.stm32cube.common.mx_6.6.1.202207061420\\db\/plugins/mcufinder/images/boards/nucleo-wba52cg-board-photo.jpg
2023-10-12 10:43:49,934 [ERROR] DbBoards:645 - Image file not found for board STEVAL-PROTEUS1: C:\ST\STM32CubeIDE_1.10.1\STM32CubeIDE\plugins\com.st.stm32cube.common.mx_6.6.1.202207061420\\db\/plugins/mcufinder/images/boards/steval-proteus1_image.jpg
2023-10-12 10:43:49,934 [ERROR] DbBoards:645 - Image file not found for board STEVAL-SMARTAG2: C:\ST\STM32CubeIDE_1.10.1\STM32CubeIDE\plugins\com.st.stm32cube.common.mx_6.6.1.202207061420\\db\/plugins/mcufinder/images/boards/steval-smartag2-image.jpg
2023-10-12 10:43:49,934 [ERROR] DbBoards:645 - Image file not found for board STEVAL-STWINBX1: C:\ST\STM32CubeIDE_1.10.1\STM32CubeIDE\plugins\com.st.stm32cube.common.mx_6.6.1.202207061420\\db\/plugins/mcufinder/images/boards/stwinbx1-image.jpg
2023-10-12 10:43:50,043 [ERROR] DbBoards:645 - Image file not found for board STM320518-EVAL: C:\ST\STM32CubeIDE_1.10.1\STM32CubeIDE\plugins\com.st.stm32cube.common.mx_6.6.1.202207061420\\db\/plugins/mcufinder/images/boards/stm320518-eval.jpg
2023-10-12 10:43:50,059 [ERROR] DbBoards:648 - No image file defined for board STM32091C-EVAL
2023-10-12 10:43:50,059 [ERROR] DbBoards:648 - No image file defined for board STM32100E-EVAL
2023-10-12 10:43:50,059 [ERROR] DbBoards:648 - No image file defined for board STM3210C-EVAL
2023-10-12 10:43:50,090 [ERROR] DbBoards:648 - No image file defined for board STM3221G-EVAL
2023-10-12 10:43:50,090 [ERROR] DbBoards:648 - No image file defined for board STM32303C-EVAL
2023-10-12 10:43:50,215 [ERROR] DbBoards:648 - No image file defined for board STM32439I-EVAL2
2023-10-12 10:43:50,277 [ERROR] DbBoards:645 - Image file not found for board STM32469I-EVAL: C:\ST\STM32CubeIDE_1.10.1\STM32CubeIDE\plugins\com.st.stm32cube.common.mx_6.6.1.202207061420\\db\/plugins/mcufinder/images/boards/stm32469i-eval.jpg
2023-10-12 10:43:50,277 [ERROR] DbBoards:648 - No image file defined for board STM32479I-EVAL
2023-10-12 10:43:50,277 [ERROR] DbBoards:648 - No image file defined for board STM32746G-EVAL2
2023-10-12 10:43:50,293 [ERROR] DbBoards:645 - Image file not found for board STM32C0116-DK: C:\ST\STM32CubeIDE_1.10.1\STM32CubeIDE\plugins\com.st.stm32cube.common.mx_6.6.1.202207061420\\db\/plugins/mcufinder/images/boards/bp-stm32c0116-dk.jpg
2023-10-12 10:43:50,293 [ERROR] DbBoards:645 - Image file not found for board STM32C0316-DK: C:\ST\STM32CubeIDE_1.10.1\STM32CubeIDE\plugins\com.st.stm32cube.common.mx_6.6.1.202207061420\\db\/plugins/mcufinder/images/boards/bp-stm32c0316-dk.jpg
2023-10-12 10:43:50,402 [ERROR] DbBoards:648 - No image file defined for board STM32F401C-DISCO
2023-10-12 10:43:50,574 [ERROR] DbBoards:648 - No image file defined for board STM32F7308-DK
2023-10-12 10:43:50,715 [ERROR] DbBoards:648 - No image file defined for board STM32F779I-EVAL
2023-10-12 10:43:50,996 [ERROR] DbBoards:648 - No image file defined for board STM32G474E-EVAL1
2023-10-12 10:43:51,027 [ERROR] DbBoards:645 - Image file not found for board STM32H573I-DK: C:\ST\STM32CubeIDE_1.10.1\STM32CubeIDE\plugins\com.st.stm32cube.common.mx_6.6.1.202207061420\\db\/plugins/mcufinder/images/boards/bp-stm32h573i-dk-estore.jpg
2023-10-12 10:43:51,199 [ERROR] DbBoards:648 - No image file defined for board STM32H747I-EVAL
2023-10-12 10:43:51,324 [ERROR] DbBoards:648 - No image file defined for board STM32L-DISCOVERY
2023-10-12 10:43:51,434 [ERROR] DbBoards:648 - No image file defined for board STM32L152D-EVAL
2023-10-12 10:43:51,762 [ERROR] DbBoards:645 - Image file not found for board STM32MP135F-DK: C:\ST\STM32CubeIDE_1.10.1\STM32CubeIDE\plugins\com.st.stm32cube.common.mx_6.6.1.202207061420\\db\/plugins/mcufinder/images/boards/web-stm32mp135f-dk-board.jpg
2023-10-12 10:43:52,215 [ERROR] DbBoards:645 - Image file not found for board STM32U5A9J-DK: C:\ST\STM32CubeIDE_1.10.1\STM32CubeIDE\plugins\com.st.stm32cube.common.mx_6.6.1.202207061420\\db\/plugins/mcufinder/images/boards/stm32u5a9j-dk-board-photo.jpg
2023-10-12 10:43:52,293 [INFO] DbBoards:651 - Loaded 153 board mini-images
2023-10-12 10:43:52,559 [INFO] MultiScanPanel:778 - Auto Refresh Data is not needed
2023-10-12 10:46:16,297 [INFO] MainUpdater:2768 - connection check result : 10
2023-10-12 10:46:16,297 [INFO] MainUpdater:2768 - connection check result : 10
2023-10-12 10:46:16,360 [INFO] MicroXplorer:451 - Change Database Path : 
2023-10-12 10:46:16,360 [INFO] MicroXplorer:481 - Change Database Version : DB.6.0.60
2023-10-12 10:46:16,360 [WARN] ThirdParty:827 - waiting for thirdparty lock release [close project]
2023-10-12 10:46:16,360 [INFO] ThirdParty:829 - entering critical section [close project]
2023-10-12 10:46:16,360 [INFO] ThirdParty:839 - exiting critical section [close project]
2023-10-12 10:46:16,375 [INFO] PinOutPanel:1468 - setPackage(No Configuration,No Configuration)
2023-10-12 10:46:16,391 [INFO] UtilMem:74 - Begin LoadConfig() Used Memory: 699387480 Bytes (717225984)
2023-10-12 10:46:16,391 [INFO] MicroXplorer:451 - Change Database Path : 
2023-10-12 10:46:16,391 [INFO] MicroXplorer:481 - Change Database Version : DB.6.0.60
2023-10-12 10:46:16,391 [INFO] OpenFileManager:307 - Change cursor
2023-10-12 10:46:16,672 [INFO] Mcu:1922 - Initializing MCU STM32F401RETx STM32F401RETx 
2023-10-12 10:46:16,672 [INFO] Mcu:1935 - No CPN specified => set CPN to STM32F401RET6
2023-10-12 10:46:21,077 [INFO] Context:654 - Trying to add GPIOservice into a context  which must be forbidden
2023-10-12 10:46:22,140 [INFO] ImportTextPane:193 - (OptionalMessage_ERROR) Unable to find key (Mcu.ThirdPartyNb) in loaded IOC file
2023-10-12 10:46:22,140 [INFO] ImportTextPane:193 - (OptionalMessage_ERROR) Unable to find key (Mcu.PinsNb) in loaded IOC file
2023-10-12 10:46:22,140 [INFO] ImportTextPane:193 - (OptionalMessage_ERROR) Unable to find key (Mcu.IPNb) in loaded IOC file
2023-10-12 10:46:22,312 [WARN] ApiManager:308 - Cannot register API 'Board Extension:GNSS1A1' from pack STMicroelectronics.X-CUBE-GNSS1.6.0.0: no header file found
2023-10-12 10:46:22,312 [WARN] ApiManager:308 - Cannot register API 'Board Support:Custom' from pack STMicroelectronics.X-CUBE-GNSS1.6.0.0: no header file found
2023-10-12 10:46:22,312 [WARN] ApiManager:308 - Cannot register API 'Data Exchange:lib_gnss' from pack STMicroelectronics.X-CUBE-GNSS1.6.0.0: no header file found
2023-10-12 10:46:22,734 [WARN] ApiManager:308 - Cannot register API 'Board Extension:IKS01A3' from pack STMicroelectronics.X-CUBE-MEMS1.9.4.0: no header file found
2023-10-12 10:46:22,734 [WARN] ApiManager:308 - Cannot register API 'Board Extension:IKS01A2' from pack STMicroelectronics.X-CUBE-MEMS1.9.4.0: no header file found
2023-10-12 10:46:22,734 [WARN] ApiManager:308 - Cannot register API 'Board Extension:IKS02A1' from pack STMicroelectronics.X-CUBE-MEMS1.9.4.0: no header file found
2023-10-12 10:46:23,046 [WARN] ApiManager:308 - Cannot register API 'Board Extension:IKS01A3' from pack STMicroelectronics.X-CUBE-MEMS1.9.6.0: no header file found
2023-10-12 10:46:23,046 [WARN] ApiManager:308 - Cannot register API 'Board Extension:IKS01A2' from pack STMicroelectronics.X-CUBE-MEMS1.9.6.0: no header file found
2023-10-12 10:46:23,046 [WARN] ApiManager:308 - Cannot register API 'Board Extension:IKS02A1' from pack STMicroelectronics.X-CUBE-MEMS1.9.6.0: no header file found
2023-10-12 10:46:23,077 [WARN] ApiManager:308 - Cannot register API 'Wireless:BlueNRG-MS' from pack STMicroelectronics.X-CUBE-BLE1.6.2.3: no header file found
2023-10-12 10:46:23,077 [WARN] ApiManager:308 - Cannot register API 'Wireless:BlueNRG-MS' from pack STMicroelectronics.X-CUBE-BLE1.6.2.4: no header file found
2023-10-12 10:46:23,090 [INFO] RtosManager:488 - Registered RTOS mode: class=CMSIS, group=RTOS, mode=CMSIS_V1, owner=FREERTOS
2023-10-12 10:46:23,090 [INFO] RtosManager:488 - Registered RTOS mode: class=CMSIS, group=RTOS2, mode=CMSIS_V2, owner=FREERTOS
2023-10-12 10:46:23,090 [INFO] RtosManager:488 - Registered RTOS mode: class=RTOS, group=Core, mode=CMSIS_V1, owner=FREERTOS
2023-10-12 10:46:23,090 [INFO] RtosManager:488 - Registered RTOS mode: class=RTOS, group=Core, mode=CMSIS_V2, owner=FREERTOS
2023-10-12 10:46:23,090 [WARN] ModelIntegratedComponent:185 - Missing modes for component STMicroelectronics:FreeRTOS:0.0.1:STMicroelectronics:RTOS:FreeRTOS:Core:::10.2.0:
2023-10-12 10:46:23,090 [WARN] ApiManager:308 - Cannot register API 'Board Extension:NFC04A1' from pack STMicroelectronics.X-CUBE-NFC4.3.0.0: no header file found
2023-10-12 10:46:23,105 [WARN] ApiManager:308 - Cannot register API 'Board Extension:S2868A1' from pack STMicroelectronics.X-CUBE-SUBG2.5.0.0: no header file found
2023-10-12 10:46:23,105 [WARN] ApiManager:308 - Cannot register API 'Board Extension:S2868A2' from pack STMicroelectronics.X-CUBE-SUBG2.5.0.0: no header file found
2023-10-12 10:46:23,105 [WARN] ApiManager:308 - Cannot register API 'Board Extension:S2915A1' from pack STMicroelectronics.X-CUBE-SUBG2.5.0.0: no header file found
2023-10-12 10:46:23,105 [WARN] ApiManager:308 - Cannot register API 'Board Extension:NFC04A1' from pack STMicroelectronics.X-CUBE-NFC4.2.0.5: no header file found
2023-10-12 10:46:23,137 [WARN] ApiManager:308 - Cannot register API 'Wireless:BlueNRG-MS' from pack STMicroelectronics.X-CUBE-BLE1.7.0.0: no header file found
2023-10-12 10:46:23,137 [WARN] ModelIntegratedComponent:64 - No mode defined for component null
2023-10-12 10:46:23,152 [WARN] ModelIntegratedComponent:64 - No mode defined for component null
2023-10-12 10:46:23,152 [WARN] ModelIntegratedComponent:64 - No mode defined for component null
2023-10-12 10:46:23,152 [WARN] ModelIntegratedComponent:64 - No mode defined for component null
2023-10-12 10:46:23,152 [WARN] ModelIntegratedComponent:64 - No mode defined for component null
2023-10-12 10:46:23,152 [WARN] ModelIntegratedComponent:64 - No mode defined for component null
2023-10-12 10:46:23,152 [WARN] ModelIntegratedComponent:64 - No mode defined for component null
2023-10-12 10:46:23,152 [WARN] ModelIntegratedComponent:64 - No mode defined for component null
2023-10-12 10:46:23,152 [WARN] ModelIntegratedComponent:64 - No mode defined for component null
2023-10-12 10:46:23,152 [WARN] ModelIntegratedComponent:64 - No mode defined for component null
2023-10-12 10:46:23,152 [WARN] ModelIntegratedComponent:64 - No mode defined for component null
2023-10-12 10:46:23,152 [WARN] ModelIntegratedComponent:64 - No mode defined for component null
2023-10-12 10:46:23,152 [WARN] ModelIntegratedComponent:64 - No mode defined for component null
2023-10-12 10:46:23,152 [WARN] ModelIntegratedComponent:64 - No mode defined for component null
2023-10-12 10:46:23,152 [WARN] ModelIntegratedComponent:64 - No mode defined for component null
2023-10-12 10:46:23,152 [WARN] ModelIntegratedComponent:64 - No mode defined for component null
2023-10-12 10:46:23,152 [WARN] ModelIntegratedComponent:64 - No mode defined for component null
2023-10-12 10:46:23,152 [WARN] ModelIntegratedComponent:64 - No mode defined for component null
2023-10-12 10:46:23,152 [WARN] ModelIntegratedComponent:64 - No mode defined for component null
2023-10-12 10:46:23,152 [WARN] ModelIntegratedComponent:64 - No mode defined for component null
2023-10-12 10:46:23,152 [WARN] ModelIntegratedComponent:64 - No mode defined for component null
2023-10-12 10:46:23,152 [WARN] ModelIntegratedComponent:64 - No mode defined for component null
2023-10-12 10:46:23,152 [WARN] ModelIntegratedComponent:64 - No mode defined for component null
2023-10-12 10:46:23,152 [WARN] ModelIntegratedComponent:64 - No mode defined for component null
2023-10-12 10:46:23,152 [WARN] ModelIntegratedComponent:64 - No mode defined for component null
2023-10-12 10:46:23,152 [WARN] ModelIntegratedComponent:64 - No mode defined for component null
2023-10-12 10:46:23,152 [WARN] ModelIntegratedComponent:64 - No mode defined for component null
2023-10-12 10:46:23,152 [WARN] ModelIntegratedComponent:64 - No mode defined for component null
2023-10-12 10:46:23,152 [WARN] ModelIntegratedComponent:64 - No mode defined for component null
2023-10-12 10:46:23,152 [WARN] ModelIntegratedComponent:64 - No mode defined for component null
2023-10-12 10:46:23,152 [WARN] ModelIntegratedComponent:64 - No mode defined for component null
2023-10-12 10:46:23,152 [WARN] ModelIntegratedComponent:64 - No mode defined for component null
2023-10-12 10:46:23,152 [WARN] ModelIntegratedComponent:64 - No mode defined for component null
2023-10-12 10:46:23,152 [WARN] ApiManager:308 - Cannot register API 'Board Extension:NFC07A1' from pack STMicroelectronics.X-CUBE-NFC7.1.0.1: no header file found
2023-10-12 10:46:23,152 [WARN] ApiManager:308 - Cannot register API 'Board Extension:NFC07A1' from pack STMicroelectronics.X-CUBE-NFC7.1.0.0: no header file found
2023-10-12 10:46:23,168 [WARN] ApiManager:308 - Cannot register API 'Board Extension:NFC06A1' from pack STMicroelectronics.X-CUBE-NFC6.3.0.0: no header file found
2023-10-12 10:46:23,168 [WARN] ApiManager:308 - Cannot register API 'Board Extension:NFC08A1' from pack STMicroelectronics.X-CUBE-NFC6.3.0.0: no header file found
2023-10-12 10:46:23,449 [WARN] ApiManager:308 - Cannot register API 'Board Extension:IKS01A3' from pack STMicroelectronics.X-CUBE-MEMS1.9.3.0: no header file found
2023-10-12 10:46:23,449 [WARN] ApiManager:308 - Cannot register API 'Board Extension:IKS01A2' from pack STMicroelectronics.X-CUBE-MEMS1.9.3.0: no header file found
2023-10-12 10:46:23,449 [WARN] ApiManager:308 - Cannot register API 'Board Extension:IKS02A1' from pack STMicroelectronics.X-CUBE-MEMS1.9.3.0: no header file found
2023-10-12 10:46:23,449 [WARN] ApiManager:308 - Cannot register API 'Board Extension:EEPRMA1' from pack STMicroelectronics.X-CUBE-EEPRMA1.4.1.0: no header file found
2023-10-12 10:46:23,465 [WARN] ApiManager:308 - Cannot register API 'Board Extension:EEPRMA2' from pack STMicroelectronics.X-CUBE-EEPRMA1.4.1.0: no header file found
2023-10-12 10:46:23,465 [WARN] ApiManager:308 - Cannot register API 'Board Extension:PGEEZ1' from pack STMicroelectronics.X-CUBE-EEPRMA1.4.1.0: no header file found
2023-10-12 10:46:23,465 [WARN] ApiManager:308 - Cannot register API 'Board Part:M24' from pack STMicroelectronics.X-CUBE-EEPRMA1.4.1.0: no header file found
2023-10-12 10:46:23,465 [WARN] ApiManager:308 - Cannot register API 'Board Part:M95' from pack STMicroelectronics.X-CUBE-EEPRMA1.4.1.0: no header file found
2023-10-12 10:46:23,465 [WARN] ApiManager:308 - Cannot register API 'Board Part:M95P32' from pack STMicroelectronics.X-CUBE-EEPRMA1.4.1.0: no header file found
2023-10-12 10:46:23,465 [WARN] ApiManager:308 - Cannot register API 'PGEEZ1:SPI' from pack STMicroelectronics.X-CUBE-EEPRMA1.4.1.0: no header file found
2023-10-12 10:46:23,465 [WARN] ApiManager:308 - Cannot register API 'PGEEZ1:QDSPI' from pack STMicroelectronics.X-CUBE-EEPRMA1.4.1.0: no header file found
2023-10-12 10:46:23,465 [WARN] ApiManager:308 - Cannot register API 'Board Extension:EEPRMA1' from pack STMicroelectronics.X-CUBE-EEPRMA1.3.1.1: no header file found
2023-10-12 10:46:23,465 [WARN] ApiManager:308 - Cannot register API 'Board Extension:EEPRMA2' from pack STMicroelectronics.X-CUBE-EEPRMA1.3.1.1: no header file found
2023-10-12 10:46:23,480 [WARN] ApiManager:308 - Cannot register API 'Board Extension:S2868A1' from pack STMicroelectronics.X-CUBE-SFXS2LP1.4.0.0: no header file found
2023-10-12 10:46:23,480 [WARN] ApiManager:308 - Cannot register API 'Board Extension:S2868A2' from pack STMicroelectronics.X-CUBE-SFXS2LP1.4.0.0: no header file found
2023-10-12 10:46:23,480 [WARN] ApiManager:308 - Cannot register API 'Board Extension:S2915A1' from pack STMicroelectronics.X-CUBE-SFXS2LP1.4.0.0: no header file found
2023-10-12 10:46:23,496 [WARN] ApiManager:308 - Cannot register API 'Wireless:BlueNRG-2' from pack STMicroelectronics.X-CUBE-BLE2.3.3.0: no header file found
2023-10-12 10:46:23,527 [INFO] ThirdPartyModel:289 - Start build external matchings
2023-10-12 10:46:26,674 [INFO] ThirdPartyModel:302 - End build external matchings
2023-10-12 10:46:27,749 [INFO] UtilMem:74 - End LoadConfig() Used Memory: 645329768 Bytes (787480576)
2023-10-12 10:46:27,780 [WARN] ThirdParty:789 - waiting for thirdparty lock release [change project]
2023-10-12 10:46:27,780 [INFO] ThirdParty:791 - entering critical section [change project]
2023-10-12 10:46:27,780 [INFO] ThirdParty:981 - CMSIS Pack Vendor :STMicroelectronics X-CUBE-ISPU 1.1.0
2023-10-12 10:46:27,780 [INFO] ThirdParty:981 - CMSIS Pack Vendor :RoweBots I-CUBE-UNISONRTOS 5.5.0-4
2023-10-12 10:46:27,780 [INFO] ThirdParty:981 - CMSIS Pack Vendor :STMicroelectronics X-CUBE-GNSS1 6.0.0
2023-10-12 10:46:27,780 [INFO] ThirdParty:981 - CMSIS Pack Vendor :STMicroelectronics X-CUBE-AZRTOS-H7 2.1.0
2023-10-12 10:46:27,795 [INFO] ThirdParty:981 - CMSIS Pack Vendor :STMicroelectronics USB_HOST 2.0.0
2023-10-12 10:46:27,795 [INFO] ThirdParty:981 - CMSIS Pack Vendor :STMicroelectronics X-CUBE-AZRTOS-F4 1.1.0
2023-10-12 10:46:27,795 [INFO] ThirdParty:981 - CMSIS Pack Vendor :STMicroelectronics LIBJPEG 8.0.0
2023-10-12 10:46:27,795 [INFO] ThirdParty:981 - CMSIS Pack Vendor :STMicroelectronics X-CUBE-SMBUS 2.1.0
2023-10-12 10:46:27,795 [INFO] ThirdParty:981 - CMSIS Pack Vendor :STMicroelectronics USB_DEVICE 3.0.0
2023-10-12 10:46:27,795 [INFO] ThirdParty:981 - CMSIS Pack Vendor :STMicroelectronics X-CUBE-AZRTOS-WB 2.0.0
2023-10-12 10:46:27,795 [INFO] ThirdParty:981 - CMSIS Pack Vendor :STMicroelectronics X-CUBE-TOUCHGFX 4.21.1
2023-10-12 10:46:27,795 [INFO] ThirdParty:981 - CMSIS Pack Vendor :STMicroelectronics X-CUBE-TOUCHGFX 4.21.0
2023-10-12 10:46:27,795 [INFO] ThirdParty:981 - CMSIS Pack Vendor :STMicroelectronics X-CUBE-BLEMGR 1.2.0
2023-10-12 10:46:27,795 [INFO] ThirdParty:981 - CMSIS Pack Vendor :STMicroelectronics X-CUBE-AZRTOS-F7 1.1.0
2023-10-12 10:46:27,795 [INFO] ThirdParty:981 - CMSIS Pack Vendor :STMicroelectronics X-CUBE-AZRTOS-L5 2.0.0
2023-10-12 10:46:27,795 [INFO] ThirdParty:981 - CMSIS Pack Vendor :STMicroelectronics X-CUBE-MEMS1 9.4.0
2023-10-12 10:46:27,795 [INFO] ThirdParty:981 - CMSIS Pack Vendor :STMicroelectronics USB_DEVICE 2.0.0
2023-10-12 10:46:27,795 [INFO] ThirdParty:981 - CMSIS Pack Vendor :STMicroelectronics X-CUBE-AI 7.3.0
2023-10-12 10:46:27,795 [INFO] ThirdParty:981 - CMSIS Pack Vendor :STMicroelectronics X-CUBE-MEMS1 9.6.0
2023-10-12 10:46:27,795 [INFO] ThirdParty:981 - CMSIS Pack Vendor :ITTIA_DB I-CUBE-ITTIADB 8.8.0
2023-10-12 10:46:27,795 [INFO] ThirdParty:981 - CMSIS Pack Vendor :STMicroelectronics FP-SNS-MOTENV1 4.3.2
2023-10-12 10:46:27,795 [INFO] ThirdParty:981 - CMSIS Pack Vendor :STMicroelectronics X-CUBE-BLE1 6.2.3
2023-10-12 10:46:27,795 [INFO] ThirdParty:981 - CMSIS Pack Vendor :STMicroelectronics X-CUBE-ALGOBUILD 1.3.0
2023-10-12 10:46:27,795 [INFO] ThirdParty:981 - CMSIS Pack Vendor :STMicroelectronics X-CUBE-BLE1 6.2.4
2023-10-12 10:46:27,795 [INFO] ThirdParty:981 - CMSIS Pack Vendor :STMicroelectronics X-CUBE-AZRTOS-L5 1.1.0
2023-10-12 10:46:27,795 [INFO] ThirdParty:981 - CMSIS Pack Vendor :STMicroelectronics FreeRTOS 0.0.1
2023-10-12 10:46:27,795 [INFO] ThirdParty:981 - CMSIS Pack Vendor :STMicroelectronics X-CUBE-AZRTOS-G0 1.1.0
2023-10-12 10:46:27,795 [INFO] ThirdParty:981 - CMSIS Pack Vendor :emotas I-CUBE-CANOPEN 1.1.3
2023-10-12 10:46:27,795 [INFO] ThirdParty:981 - CMSIS Pack Vendor :STMicroelectronics X-CUBE-BLEMGR 2.0.0
2023-10-12 10:46:27,795 [INFO] ThirdParty:981 - CMSIS Pack Vendor :STMicroelectronics X-CUBE-NFC4 3.0.0
2023-10-12 10:46:27,795 [INFO] ThirdParty:981 - CMSIS Pack Vendor :STMicroelectronics X-CUBE-SUBG2 5.0.0
2023-10-12 10:46:27,795 [INFO] ThirdParty:981 - CMSIS Pack Vendor :STMicroelectronics STM32_WPAN 1.0.0
2023-10-12 10:46:27,795 [INFO] ThirdParty:981 - CMSIS Pack Vendor :SEGGER I-CUBE-embOS 1.2.1
2023-10-12 10:46:27,795 [INFO] ThirdParty:981 - CMSIS Pack Vendor :STMicroelectronics lwIP 2.0.3
2023-10-12 10:46:27,795 [INFO] ThirdParty:981 - CMSIS Pack Vendor :STMicroelectronics FP-SNS-FLIGHT1 5.0.2
2023-10-12 10:46:27,795 [INFO] ThirdParty:981 - CMSIS Pack Vendor :STMicroelectronics X-CUBE-NFC4 2.0.5
2023-10-12 10:46:27,795 [INFO] ThirdParty:981 - CMSIS Pack Vendor :STMicroelectronics USB_HOST 1.0.0
2023-10-12 10:46:27,795 [INFO] ThirdParty:981 - CMSIS Pack Vendor :STMicroelectronics X-CUBE-TOF1 3.3.1
2023-10-12 10:46:27,795 [INFO] ThirdParty:981 - CMSIS Pack Vendor :STMicroelectronics X-CUBE-AZRTOS-G4 2.0.0
2023-10-12 10:46:27,795 [INFO] ThirdParty:981 - CMSIS Pack Vendor :STMicroelectronics PDM2PCM 3.1.0
2023-10-12 10:46:27,795 [INFO] ThirdParty:981 - CMSIS Pack Vendor :STMicroelectronics X-CUBE-AZRTOS-H7 3.1.0
2023-10-12 10:46:27,795 [INFO] ThirdParty:981 - CMSIS Pack Vendor :STMicroelectronics FP-ATR-ASTRA1 1.1.1
2023-10-12 10:46:27,795 [INFO] ThirdParty:981 - CMSIS Pack Vendor :Infineon AIROC-Wi-Fi-Bluetooth-STM32 1.5.1
2023-10-12 10:46:27,795 [INFO] ThirdParty:981 - CMSIS Pack Vendor :STMicroelectronics PDM2PCM 3.3.0
2023-10-12 10:46:27,795 [INFO] ThirdParty:981 - CMSIS Pack Vendor :STMicroelectronics X-CUBE-DISPLAY 3.0.0
2023-10-12 10:46:27,795 [INFO] ThirdParty:981 - CMSIS Pack Vendor :STMicroelectronics X-CUBE-BLEMGR 1.3.0
2023-10-12 10:46:27,795 [INFO] ThirdParty:981 - CMSIS Pack Vendor :wolfSSL I-CUBE-wolfSSL 5.5.3
2023-10-12 10:46:27,795 [INFO] ThirdParty:981 - CMSIS Pack Vendor :STMicroelectronics X-CUBE-BLE1 7.0.0
2023-10-12 10:46:27,795 [INFO] ThirdParty:981 - CMSIS Pack Vendor :STMicroelectronics FP-ATR-SIGFOX1 3.2.0
2023-10-12 10:46:27,795 [INFO] ThirdParty:981 - CMSIS Pack Vendor :STMicroelectronics X-CUBE-AZRTOS-G4 1.0.0
2023-10-12 10:46:27,795 [INFO] ThirdParty:981 - CMSIS Pack Vendor :STMicroelectronics X-CUBE-AZRTOS-L4 1.0.0
2023-10-12 10:46:27,795 [INFO] ThirdParty:981 - CMSIS Pack Vendor :STMicroelectronics HAL Drivers 0.0.0
2023-10-12 10:46:27,795 [INFO] ThirdParty:981 - CMSIS Pack Vendor :STMicroelectronics MBEDTLS 2.16.2
2023-10-12 10:46:27,795 [INFO] ThirdParty:981 - CMSIS Pack Vendor :STMicroelectronics X-CUBE-TOUCHGFX 4.20.0
2023-10-12 10:46:27,795 [INFO] ThirdParty:981 - CMSIS Pack Vendor :STMicroelectronics X-CUBE-FREERTOS 1.1.0
2023-10-12 10:46:27,795 [INFO] ThirdParty:981 - CMSIS Pack Vendor :STMicroelectronics X-CUBE-NFC7 1.0.1
2023-10-12 10:46:27,795 [INFO] ThirdParty:981 - CMSIS Pack Vendor :STMicroelectronics MBEDTLS 2.14.1
2023-10-12 10:46:27,795 [INFO] ThirdParty:981 - CMSIS Pack Vendor :STMicroelectronics X-CUBE-NFC7 1.0.0
2023-10-12 10:46:27,795 [INFO] ThirdParty:981 - CMSIS Pack Vendor :STMicroelectronics X-CUBE-TOUCHGFX 4.22.1
2023-10-12 10:46:27,795 [INFO] ThirdParty:981 - CMSIS Pack Vendor :STMicroelectronics X-CUBE-AZRTOS-WL 1.0.0
2023-10-12 10:46:27,795 [INFO] ThirdParty:981 - CMSIS Pack Vendor :STMicroelectronics X-CUBE-NFC6 3.0.0
2023-10-12 10:46:27,795 [INFO] ThirdParty:981 - CMSIS Pack Vendor :STMicroelectronics X-CUBE-MEMS1 9.3.0
2023-10-12 10:46:27,795 [INFO] ThirdParty:981 - CMSIS Pack Vendor :STMicroelectronics X-CUBE-EEPRMA1 4.1.0
2023-10-12 10:46:27,795 [INFO] ThirdParty:981 - CMSIS Pack Vendor :portGmbH I-Cube-SoM-uGOAL 1.1.0
2023-10-12 10:46:27,795 [INFO] ThirdParty:981 - CMSIS Pack Vendor :STMicroelectronics X-CUBE-ALS 1.0.1
2023-10-12 10:46:27,795 [INFO] ThirdParty:981 - CMSIS Pack Vendor :STMicroelectronics ThreadX 1.0.0
2023-10-12 10:46:27,795 [INFO] ThirdParty:981 - CMSIS Pack Vendor :STMicroelectronics FP-SNS-SMARTAG2 1.2.0
2023-10-12 10:46:27,795 [INFO] ThirdParty:981 - CMSIS Pack Vendor :STMicroelectronics X-CUBE-AZRTOS-WB 1.1.0
2023-10-12 10:46:27,795 [INFO] ThirdParty:981 - CMSIS Pack Vendor :STMicroelectronics X-CUBE-AZRTOS-WL 2.0.0
2023-10-12 10:46:27,795 [INFO] ThirdParty:981 - CMSIS Pack Vendor :SEGGER I-CUBE-embOS 1.3.1
2023-10-12 10:46:27,795 [INFO] ThirdParty:981 - CMSIS Pack Vendor :STMicroelectronics X-CUBE-AZRTOS-L5 1.0.0
2023-10-12 10:46:27,795 [INFO] ThirdParty:981 - CMSIS Pack Vendor :STMicroelectronics USB_DEVICE 1.0.0
2023-10-12 10:46:27,795 [INFO] ThirdParty:981 - CMSIS Pack Vendor :STMicroelectronics X-CUBE-AI 8.1.0
2023-10-12 10:46:27,795 [INFO] ThirdParty:981 - CMSIS Pack Vendor :STMicroelectronics X-CUBE-EEPRMA1 3.1.1
2023-10-12 10:46:27,795 [INFO] ThirdParty:981 - CMSIS Pack Vendor :STMicroelectronics X-CUBE-AZRTOS-L4 2.0.0
2023-10-12 10:46:27,795 [INFO] ThirdParty:981 - CMSIS Pack Vendor :STMicroelectronics ThreadX 0.0.2
2023-10-12 10:46:27,795 [INFO] ThirdParty:981 - CMSIS Pack Vendor :WES I-CUBE-Cesium 1.3.0
2023-10-12 10:46:27,795 [INFO] ThirdParty:981 - CMSIS Pack Vendor :STMicroelectronics FP-ATR-ASTRA1 2.0.0
2023-10-12 10:46:27,795 [INFO] ThirdParty:981 - CMSIS Pack Vendor :STMicroelectronics lwIP 2.1.2
2023-10-12 10:46:27,795 [INFO] ThirdParty:981 - CMSIS Pack Vendor :STMicroelectronics X-CUBE-SFXS2LP1 4.0.0
2023-10-12 10:46:27,795 [INFO] ThirdParty:981 - CMSIS Pack Vendor :STMicroelectronics X-CUBE-BLE2 3.3.0
2023-10-12 10:46:27,795 [INFO] ThirdParty:981 - CMSIS Pack Vendor :STMicroelectronics X-CUBE-DISPLAY 2.2.0
2023-10-12 10:46:27,795 [INFO] ThirdParty:981 - CMSIS Pack Vendor :STMicroelectronics X-CUBE-TOF1 3.2.0
2023-10-12 10:46:27,795 [INFO] ThirdParty:981 - CMSIS Pack Vendor :STMicroelectronics PDM2PCM 3.2.0
2023-10-12 10:46:27,795 [INFO] ThirdParty:981 - CMSIS Pack Vendor :STMicroelectronics X-CUBE-AZRTOS-H7 3.0.0
2023-10-12 10:46:27,795 [INFO] ThirdParty:797 - exiting critical section [change project]
2023-10-12 10:46:28,530 [INFO] PinOutPanel:1468 - setPackage(No Configuration,No Configuration)
2023-10-12 10:46:28,530 [INFO] PinOutPanel:1468 - setPackage(STM32F401RETx,LQFP64)
2023-10-12 10:46:31,770 [INFO] UtilMem:74 - Before build in PCC Used Memory: 667101264 Bytes (787480576)
2023-10-12 10:46:34,301 [INFO] UtilMem:74 - After build in PCC Used Memory: 669260424 Bytes (787480576)
2023-10-12 10:46:34,348 [INFO] IPUIPlugin:79 - create IPUIPlugin
2023-10-12 10:46:34,348 [INFO] IPUIPlugin:79 - create IPUIPlugin
2023-10-12 10:46:34,348 [INFO] IPUIPlugin:79 - create IPUIPlugin
2023-10-12 10:46:34,348 [INFO] IPUIPlugin:79 - create IPUIPlugin
2023-10-12 10:46:34,348 [INFO] IPUIPlugin:79 - create IPUIPlugin
2023-10-12 10:46:34,348 [INFO] IPUIPlugin:79 - create IPUIPlugin
2023-10-12 10:46:34,348 [INFO] IPUIPlugin:79 - create IPUIPlugin
2023-10-12 10:46:34,348 [INFO] IPUIPlugin:79 - create IPUIPlugin
2023-10-12 10:46:34,364 [INFO] IPUIPlugin:79 - create IPUIPlugin
2023-10-12 10:46:34,364 [INFO] IPUIPlugin:79 - create IPUIPlugin
2023-10-12 10:46:34,364 [INFO] IPUIPlugin:79 - create IPUIPlugin
2023-10-12 10:46:34,364 [INFO] IPUIPlugin:79 - create IPUIPlugin
2023-10-12 10:46:34,364 [INFO] IPUIPlugin:79 - create IPUIPlugin
2023-10-12 10:46:34,364 [INFO] IPUIPlugin:79 - create IPUIPlugin
2023-10-12 10:46:34,364 [INFO] IPUIPlugin:79 - create IPUIPlugin
2023-10-12 10:46:34,364 [INFO] IPUIPlugin:79 - create IPUIPlugin
2023-10-12 10:46:34,364 [INFO] IPUIPlugin:79 - create IPUIPlugin
2023-10-12 10:46:34,364 [INFO] IPUIPlugin:79 - create IPUIPlugin
2023-10-12 10:46:34,364 [INFO] IPUIPlugin:79 - create IPUIPlugin
2023-10-12 10:46:34,364 [INFO] IPUIPlugin:79 - create IPUIPlugin
2023-10-12 10:46:34,364 [INFO] IPUIPlugin:79 - create IPUIPlugin
2023-10-12 10:46:34,364 [INFO] IPUIPlugin:79 - create IPUIPlugin
2023-10-12 10:46:34,364 [INFO] IPUIPlugin:79 - create IPUIPlugin
2023-10-12 10:46:34,364 [INFO] IPUIPlugin:79 - create IPUIPlugin
2023-10-12 10:46:34,364 [INFO] IPUIPlugin:79 - create IPUIPlugin
2023-10-12 10:46:34,364 [INFO] IPUIPlugin:79 - create IPUIPlugin
2023-10-12 10:46:34,364 [INFO] IPUIPlugin:79 - create IPUIPlugin
2023-10-12 10:46:34,364 [INFO] IPUIPlugin:79 - create IPUIPlugin
2023-10-12 10:46:34,364 [INFO] IPUIPlugin:79 - create IPUIPlugin
2023-10-12 10:46:34,364 [INFO] IPUIPlugin:79 - create IPUIPlugin
2023-10-12 10:46:34,364 [INFO] IPUIPlugin:79 - create IPUIPlugin
2023-10-12 10:46:34,364 [INFO] IPUIPlugin:79 - create IPUIPlugin
2023-10-12 10:46:34,364 [INFO] IPUIPlugin:79 - create IPUIPlugin
2023-10-12 10:46:34,379 [INFO] IPUIPlugin:79 - create IPUIPlugin
2023-10-12 10:46:34,379 [INFO] IPUIPlugin:79 - create IPUIPlugin
2023-10-12 10:46:34,379 [INFO] IPUIPlugin:79 - create IPUIPlugin
2023-10-12 10:46:34,379 [INFO] IPUIPlugin:79 - create IPUIPlugin
2023-10-12 10:46:34,379 [INFO] IPUIPlugin:79 - create IPUIPlugin
2023-10-12 10:46:34,489 [INFO] ApiDbMcu:505 - Load IP Config File for PDM2PCM
2023-10-12 10:46:36,244 [INFO] OpenFileManager:327 - Restore cursor
2023-10-12 10:46:38,484 [INFO] UtilMem:74 - End SaveConfig() Used Memory: 669117984 Bytes (787480576)
2023-10-12 10:46:39,374 [INFO] ServerAccessManage:474 - Download File stm32cube_fw_f4_v1270.zip
2023-10-12 10:47:23,907 [INFO] AnalyticsPlugin:358 - Accepted License(s) without tracking enabled: [FW.F4.1.27.0]
2023-10-12 10:47:23,907 [INFO] FileExtend:239 - Unzip File : stm32cube_fw_f4_v1270.zip
2023-10-12 10:47:23,907 [INFO] FileExtend:254 - Standard Zip Deflate
2023-10-12 10:52:36,348 [INFO] ServerAccessManage:474 - Download File stm32cube_fw_f4_v1271.zip
2023-10-12 10:52:42,599 [INFO] FileExtend:239 - Unzip File : stm32cube_fw_f4_v1271.zip
2023-10-12 10:52:42,600 [INFO] FileExtend:254 - Standard Zip Deflate
2023-10-12 10:52:44,478 [INFO] LoadServerPackagesThread:190 - End of LoadServerPackages Thread
2023-10-12 10:52:44,853 [INFO] ThirdPartyModel:289 - Start build external matchings
2023-10-12 10:52:45,118 [INFO] UtilMem:74 - End SaveConfig() Used Memory: 849845304 Bytes (1073741824)
2023-10-12 10:52:46,898 [INFO] BlockDiagram:2753 - set Specific Code input for plugin: NVIC
2023-10-12 10:52:46,898 [INFO] BlockDiagram:2753 - set Specific Code input for plugin: RCC
2023-10-12 10:52:46,898 [INFO] CodeGenerator:690 - code generatio: config db path: C:\ST\STM32CubeIDE_1.10.1\STM32CubeIDE\plugins\com.st.stm32cube.common.mx_6.6.1.202207061420\\db\
2023-10-12 10:52:49,528 [INFO] CodeEngine:245 - oldGeneratedFile, C:\Users\Mikey\Documents\Proiect_SDTR2023\ProiectSDTR2023\MXTmpFiles\license.tmp_save
2023-10-12 10:52:50,388 [INFO] ThirdPartyModel:302 - End build external matchings
2023-10-12 10:52:50,450 [INFO] CheckServerUpdateThread:119 - End of CheckServer Thread
2023-10-12 10:52:50,528 [INFO] CodeEngine:269 - Generated code: C:\Users\Mikey\Documents\Proiect_SDTR2023\ProiectSDTR2023\MXTmpFiles\license.tmp
2023-10-12 10:52:50,591 [INFO] CodeEngine:245 - oldGeneratedFile, C:\Users\Mikey\Documents\Proiect_SDTR2023\ProiectSDTR2023\Core\Src\stm32f4xx_it.c_save
2023-10-12 10:52:50,997 [INFO] CodeEngine:269 - Generated code: C:\Users\Mikey\Documents\Proiect_SDTR2023\ProiectSDTR2023\Core\Src\stm32f4xx_it.c
2023-10-12 10:52:51,013 [INFO] CodeEngine:245 - oldGeneratedFile, C:\Users\Mikey\Documents\Proiect_SDTR2023\ProiectSDTR2023\Core\Inc\stm32f4xx_it.h_save
2023-10-12 10:52:51,263 [INFO] CodeEngine:269 - Generated code: C:\Users\Mikey\Documents\Proiect_SDTR2023\ProiectSDTR2023\Core\Inc\stm32f4xx_it.h
2023-10-12 10:52:51,466 [INFO] CodeEngine:245 - oldGeneratedFile, C:\Users\Mikey\Documents\Proiect_SDTR2023\ProiectSDTR2023\Core\Src\stm32f4xx_hal_msp.c_save
2023-10-12 10:52:51,872 [INFO] CodeEngine:269 - Generated code: C:\Users\Mikey\Documents\Proiect_SDTR2023\ProiectSDTR2023\Core\Src\stm32f4xx_hal_msp.c
2023-10-12 10:52:51,903 [INFO] CodeEngine:245 - oldGeneratedFile, C:\Users\Mikey\Documents\Proiect_SDTR2023\ProiectSDTR2023\MXTmpFiles\system.tmp_save
2023-10-12 10:52:52,075 [INFO] CodeEngine:269 - Generated code: C:\Users\Mikey\Documents\Proiect_SDTR2023\ProiectSDTR2023\MXTmpFiles\system.tmp
2023-10-12 10:52:52,122 [INFO] CodeEngine:245 - oldGeneratedFile, C:\Users\Mikey\Documents\Proiect_SDTR2023\ProiectSDTR2023\Core\Inc\stm32f4xx_hal_conf.h_save
2023-10-12 10:52:52,481 [INFO] CodeEngine:269 - Generated code: C:\Users\Mikey\Documents\Proiect_SDTR2023\ProiectSDTR2023\Core\Inc\stm32f4xx_hal_conf.h
2023-10-12 10:52:52,638 [INFO] CodeEngine:245 - oldGeneratedFile, C:\Users\Mikey\Documents\Proiect_SDTR2023\ProiectSDTR2023\Core\Inc\main.h_save
2023-10-12 10:52:52,981 [INFO] CodeEngine:269 - Generated code: C:\Users\Mikey\Documents\Proiect_SDTR2023\ProiectSDTR2023\Core\Inc\main.h
2023-10-12 10:52:52,997 [INFO] CodeEngine:245 - oldGeneratedFile, C:\Users\Mikey\Documents\Proiect_SDTR2023\ProiectSDTR2023\Core\Src\main.c_save
2023-10-12 10:52:53,372 [INFO] CodeEngine:269 - Generated code: C:\Users\Mikey\Documents\Proiect_SDTR2023\ProiectSDTR2023\Core\Src\main.c
2023-10-12 10:52:54,856 [INFO] ProjectBuilder:2919 - Time for Copy HAL[1] : 360mS.
2023-10-12 10:52:54,872 [INFO] ProjectBuilder:4117 - Project Generator version: 3.17.1
2023-10-12 10:52:55,606 [INFO] ConfigFileManager:1394 - The Die is : DIE433
2023-10-12 10:52:55,684 [INFO] ApiDbMcu:505 - Load IP Config File for FATFS
2023-10-12 10:52:56,028 [INFO] ApiDbMcu:505 - Load IP Config File for FREERTOS
2023-10-12 10:52:56,044 [INFO] ApiDbMcu:505 - Load IP Config File for LIBJPEG
2023-10-12 10:52:56,153 [INFO] ApiDbMcu:505 - Load IP Config File for MBEDTLS
2023-10-12 10:52:56,247 [INFO] ApiDbMcu:505 - Load IP Config File for USB_DEVICE
2023-10-12 10:52:56,278 [INFO] ApiDbMcu:505 - Load IP Config File for USB_HOST
2023-10-12 10:53:08,147 [INFO] ProjectBuilder:4285 - Time for Generating toolchain IDE Files: 13275mS.
2023-10-12 10:53:08,147 [INFO] ProjectBuilder:2790 - Time for Copy CMSIS : 0mS.
2023-10-12 10:53:08,147 [INFO] ProjectBuilder:2790 - Time for Copy CMSIS : 0mS.
2023-10-12 10:53:09,561 [INFO] McuFinderGlobals:57 - Set McuFinderConnectedMode to true
2023-10-12 10:53:09,577 [INFO] ApiDb:443 - Save user favorites file C:\Users\Mikey/.stm32cubeide/favorites.mcus.txt: 0 item(s)
2023-10-12 10:53:09,577 [INFO] ApiDb:447 - User favorites MCUs=[]
2023-10-12 10:53:09,577 [INFO] ApiDb:443 - Save user favorites file C:\Users\Mikey/.stm32cubeide/favorites.boards.txt: 0 item(s)
2023-10-12 10:53:09,577 [INFO] ApiDb:447 - User favorites Boards=[]
2023-10-12 10:56:07,234 [INFO] RtosManager:801 - Current active RTOS is FREERTOS [Cortex-M4NS]
2023-10-12 10:56:07,968 [WARN] FreeRTOS:544 - Case being investigated as it may cause exception (when called to early by set config state
2023-10-12 10:56:08,375 [ERROR] RtosPanel:557 - Can not restore the selected Tab for FREERTOS(A reason can be that the tab is no more available.)
2023-10-12 10:56:08,515 [ERROR] RtosPanel:557 - Can not restore the selected Tab for FREERTOS(A reason can be that the tab is no more available.)
2023-10-12 10:57:00,081 [INFO] TasksAndQueuesTab:756 - Dynamic
2023-10-12 10:57:00,081 [WARN] TasksAndQueuesTab:762 - 128 128
2023-10-12 10:57:00,081 [WARN] TasksAndQueuesTab:774 - max value is: 3840.0
2023-10-12 10:57:05,630 [INFO] EditThreadDialog:703 - RAM SIZE (in KB): 96
2023-10-12 10:57:05,630 [INFO] EditThreadDialog:705 - RAM SIZE (in words): 24576
2023-10-12 11:04:27,456 [INFO] TasksAndQueuesTab:756 - Dynamic
2023-10-12 11:04:27,456 [WARN] TasksAndQueuesTab:762 - 128 128
2023-10-12 11:04:27,456 [WARN] TasksAndQueuesTab:774 - max value is: 3840.0
2023-10-12 11:04:27,737 [ERROR] RtosPanel:557 - Can not restore the selected Tab for FREERTOS(A reason can be that the tab is no more available.)
2023-10-12 11:04:32,255 [INFO] TasksAndQueuesTab:756 - Dynamic
2023-10-12 11:04:32,255 [WARN] TasksAndQueuesTab:762 - 128 128
2023-10-12 11:04:32,255 [WARN] TasksAndQueuesTab:774 - max value is: 3840.0
2023-10-12 11:04:38,338 [INFO] EditThreadDialog:703 - RAM SIZE (in KB): 96
2023-10-12 11:04:38,338 [INFO] EditThreadDialog:705 - RAM SIZE (in words): 24576
2023-10-12 11:04:58,326 [INFO] TasksAndQueuesTab:756 - Dynamic
2023-10-12 11:04:58,326 [WARN] TasksAndQueuesTab:762 - 128 128
2023-10-12 11:04:58,326 [WARN] TasksAndQueuesTab:774 - max value is: 3840.0
2023-10-12 11:04:58,326 [INFO] TasksAndQueuesTab:756 - Dynamic
2023-10-12 11:04:58,326 [WARN] TasksAndQueuesTab:762 - 128 128
2023-10-12 11:04:58,326 [WARN] TasksAndQueuesTab:774 - max value is: 3840.0
2023-10-12 11:05:45,944 [INFO] UtilMem:74 - End SaveConfig() Used Memory: 614532096 Bytes (1073741824)
2023-10-12 11:05:49,987 [INFO] UtilMem:74 - End SaveConfig() Used Memory: 630677016 Bytes (1073741824)
2023-10-12 11:06:00,314 [INFO] UtilMem:74 - End SaveConfig() Used Memory: 772340736 Bytes (1073741824)
2023-10-12 11:06:14,882 [INFO] BlockDiagram:2753 - set Specific Code input for plugin: NVIC
2023-10-12 11:06:14,882 [INFO] BlockDiagram:2753 - set Specific Code input for plugin: FREERTOS
2023-10-12 11:06:14,882 [INFO] BlockDiagram:2753 - set Specific Code input for plugin: SYS
2023-10-12 11:06:14,882 [INFO] BlockDiagram:2753 - set Specific Code input for plugin: GPIO
2023-10-12 11:06:14,882 [INFO] BlockDiagram:2753 - set Specific Code input for plugin: RCC
2023-10-12 11:06:14,882 [INFO] CodeGenerator:690 - code generatio: config db path: C:\ST\STM32CubeIDE_1.10.1\STM32CubeIDE\plugins\com.st.stm32cube.common.mx_6.6.1.202207061420\\db\
2023-10-12 11:06:15,456 [INFO] CodeEngine:245 - oldGeneratedFile, C:\Users\Mikey\Documents\Proiect_SDTR2023\ProiectSDTR2023\MXTmpFiles\license.tmp_save
2023-10-12 11:06:15,628 [INFO] CodeEngine:269 - Generated code: C:\Users\Mikey\Documents\Proiect_SDTR2023\ProiectSDTR2023\MXTmpFiles\license.tmp
2023-10-12 11:06:15,690 [INFO] CodeEngine:245 - oldGeneratedFile, C:\Users\Mikey\Documents\Proiect_SDTR2023\ProiectSDTR2023\MXTmpFiles\gpio.tmp_save
2023-10-12 11:06:15,956 [INFO] CodeEngine:269 - Generated code: C:\Users\Mikey\Documents\Proiect_SDTR2023\ProiectSDTR2023\MXTmpFiles\gpio.tmp
2023-10-12 11:06:16,112 [INFO] Middleware:1435 - No code input for Bsp Dependency
2023-10-12 11:06:16,128 [INFO] CodeEngine:245 - oldGeneratedFile, C:\Users\Mikey\Documents\Proiect_SDTR2023\ProiectSDTR2023\MXTmpFiles\rtos_inc.tmp_save
2023-10-12 11:06:16,391 [INFO] CodeEngine:269 - Generated code: C:\Users\Mikey\Documents\Proiect_SDTR2023\ProiectSDTR2023\MXTmpFiles\rtos_inc.tmp
2023-10-12 11:06:16,407 [INFO] CodeEngine:245 - oldGeneratedFile, C:\Users\Mikey\Documents\Proiect_SDTR2023\ProiectSDTR2023\MXTmpFiles\rtos_kernelInit.tmp_save
2023-10-12 11:06:16,548 [INFO] CodeEngine:269 - Generated code: C:\Users\Mikey\Documents\Proiect_SDTR2023\ProiectSDTR2023\MXTmpFiles\rtos_kernelInit.tmp
2023-10-12 11:06:16,563 [INFO] CodeEngine:245 - oldGeneratedFile, C:\Users\Mikey\Documents\Proiect_SDTR2023\ProiectSDTR2023\MXTmpFiles\rtos_kernelStart.tmp_save
2023-10-12 11:06:16,704 [INFO] CodeEngine:269 - Generated code: C:\Users\Mikey\Documents\Proiect_SDTR2023\ProiectSDTR2023\MXTmpFiles\rtos_kernelStart.tmp
2023-10-12 11:06:16,720 [INFO] CodeEngine:245 - oldGeneratedFile, C:\Users\Mikey\Documents\Proiect_SDTR2023\ProiectSDTR2023\MXTmpFiles\rtos_typedefs.tmp_save
2023-10-12 11:06:16,829 [INFO] CodeEngine:269 - Generated code: C:\Users\Mikey\Documents\Proiect_SDTR2023\ProiectSDTR2023\MXTmpFiles\rtos_typedefs.tmp
2023-10-12 11:06:16,907 [INFO] CodeEngine:245 - oldGeneratedFile, C:\Users\Mikey\Documents\Proiect_SDTR2023\ProiectSDTR2023\MXTmpFiles\rtos_vars.tmp_save
2023-10-12 11:06:17,048 [INFO] CodeEngine:269 - Generated code: C:\Users\Mikey\Documents\Proiect_SDTR2023\ProiectSDTR2023\MXTmpFiles\rtos_vars.tmp
2023-10-12 11:06:17,063 [INFO] CodeEngine:245 - oldGeneratedFile, C:\Users\Mikey\Documents\Proiect_SDTR2023\ProiectSDTR2023\MXTmpFiles\rtos_pfp.tmp_save
2023-10-12 11:06:17,173 [INFO] CodeEngine:269 - Generated code: C:\Users\Mikey\Documents\Proiect_SDTR2023\ProiectSDTR2023\MXTmpFiles\rtos_pfp.tmp
2023-10-12 11:06:17,188 [INFO] CodeEngine:245 - oldGeneratedFile, C:\Users\Mikey\Documents\Proiect_SDTR2023\ProiectSDTR2023\MXTmpFiles\rtos_obj_creat.tmp_save
2023-10-12 11:06:17,298 [INFO] CodeEngine:269 - Generated code: C:\Users\Mikey\Documents\Proiect_SDTR2023\ProiectSDTR2023\MXTmpFiles\rtos_obj_creat.tmp
2023-10-12 11:06:17,313 [INFO] CodeEngine:245 - oldGeneratedFile, C:\Users\Mikey\Documents\Proiect_SDTR2023\ProiectSDTR2023\MXTmpFiles\rtos_default_thread.tmp_save
2023-10-12 11:06:17,423 [INFO] CodeEngine:269 - Generated code: C:\Users\Mikey\Documents\Proiect_SDTR2023\ProiectSDTR2023\MXTmpFiles\rtos_default_thread.tmp
2023-10-12 11:06:17,438 [INFO] CodeEngine:245 - oldGeneratedFile, C:\Users\Mikey\Documents\Proiect_SDTR2023\ProiectSDTR2023\MXTmpFiles\rtos_threads.tmp_save
2023-10-12 11:06:17,594 [INFO] CodeEngine:269 - Generated code: C:\Users\Mikey\Documents\Proiect_SDTR2023\ProiectSDTR2023\MXTmpFiles\rtos_threads.tmp
2023-10-12 11:06:17,610 [INFO] Middleware:1435 - No code input for Bsp Dependency
2023-10-12 11:06:17,626 [INFO] CodeEngine:245 - oldGeneratedFile, C:\Users\Mikey\Documents\Proiect_SDTR2023\ProiectSDTR2023\MXTmpFiles\rtos_inc.tmp_save
2023-10-12 11:06:17,751 [INFO] CodeEngine:269 - Generated code: C:\Users\Mikey\Documents\Proiect_SDTR2023\ProiectSDTR2023\MXTmpFiles\rtos_inc.tmp
2023-10-12 11:06:17,766 [INFO] CodeEngine:245 - oldGeneratedFile, C:\Users\Mikey\Documents\Proiect_SDTR2023\ProiectSDTR2023\MXTmpFiles\rtos_kernelInit.tmp_save
2023-10-12 11:06:17,844 [INFO] CodeEngine:269 - Generated code: C:\Users\Mikey\Documents\Proiect_SDTR2023\ProiectSDTR2023\MXTmpFiles\rtos_kernelInit.tmp
2023-10-12 11:06:17,844 [INFO] CodeEngine:245 - oldGeneratedFile, C:\Users\Mikey\Documents\Proiect_SDTR2023\ProiectSDTR2023\MXTmpFiles\rtos_kernelStart.tmp_save
2023-10-12 11:06:17,938 [INFO] CodeEngine:269 - Generated code: C:\Users\Mikey\Documents\Proiect_SDTR2023\ProiectSDTR2023\MXTmpFiles\rtos_kernelStart.tmp
2023-10-12 11:06:17,938 [INFO] CodeEngine:245 - oldGeneratedFile, C:\Users\Mikey\Documents\Proiect_SDTR2023\ProiectSDTR2023\MXTmpFiles\rtos_typedefs.tmp_save
2023-10-12 11:06:18,032 [INFO] CodeEngine:269 - Generated code: C:\Users\Mikey\Documents\Proiect_SDTR2023\ProiectSDTR2023\MXTmpFiles\rtos_typedefs.tmp
2023-10-12 11:06:18,048 [INFO] CodeEngine:245 - oldGeneratedFile, C:\Users\Mikey\Documents\Proiect_SDTR2023\ProiectSDTR2023\MXTmpFiles\rtos_vars.tmp_save
2023-10-12 11:06:18,126 [INFO] CodeEngine:269 - Generated code: C:\Users\Mikey\Documents\Proiect_SDTR2023\ProiectSDTR2023\MXTmpFiles\rtos_vars.tmp
2023-10-12 11:06:18,126 [INFO] CodeEngine:245 - oldGeneratedFile, C:\Users\Mikey\Documents\Proiect_SDTR2023\ProiectSDTR2023\MXTmpFiles\rtos_pfp.tmp_save
2023-10-12 11:06:18,204 [INFO] CodeEngine:269 - Generated code: C:\Users\Mikey\Documents\Proiect_SDTR2023\ProiectSDTR2023\MXTmpFiles\rtos_pfp.tmp
2023-10-12 11:06:18,235 [INFO] CodeEngine:245 - oldGeneratedFile, C:\Users\Mikey\Documents\Proiect_SDTR2023\ProiectSDTR2023\MXTmpFiles\rtos_obj_creat.tmp_save
2023-10-12 11:06:18,313 [INFO] CodeEngine:269 - Generated code: C:\Users\Mikey\Documents\Proiect_SDTR2023\ProiectSDTR2023\MXTmpFiles\rtos_obj_creat.tmp
2023-10-12 11:06:18,313 [INFO] CodeEngine:245 - oldGeneratedFile, C:\Users\Mikey\Documents\Proiect_SDTR2023\ProiectSDTR2023\MXTmpFiles\rtos_default_thread.tmp_save
2023-10-12 11:06:18,391 [INFO] CodeEngine:269 - Generated code: C:\Users\Mikey\Documents\Proiect_SDTR2023\ProiectSDTR2023\MXTmpFiles\rtos_default_thread.tmp
2023-10-12 11:06:18,407 [INFO] CodeEngine:245 - oldGeneratedFile, C:\Users\Mikey\Documents\Proiect_SDTR2023\ProiectSDTR2023\MXTmpFiles\rtos_threads.tmp_save
2023-10-12 11:06:18,476 [INFO] CodeEngine:269 - Generated code: C:\Users\Mikey\Documents\Proiect_SDTR2023\ProiectSDTR2023\MXTmpFiles\rtos_threads.tmp
2023-10-12 11:06:18,492 [INFO] CodeEngine:245 - oldGeneratedFile, C:\Users\Mikey\Documents\Proiect_SDTR2023\ProiectSDTR2023\Core\Inc\FreeRTOSConfig.h_save
2023-10-12 11:06:18,695 [INFO] CodeEngine:269 - Generated code: C:\Users\Mikey\Documents\Proiect_SDTR2023\ProiectSDTR2023\Core\Inc\FreeRTOSConfig.h
2023-10-12 11:06:18,711 [INFO] CodeEngine:245 - oldGeneratedFile, C:\Users\Mikey\Documents\Proiect_SDTR2023\ProiectSDTR2023\Core\Src\freertos.c_save
2023-10-12 11:06:18,867 [INFO] CodeEngine:269 - Generated code: C:\Users\Mikey\Documents\Proiect_SDTR2023\ProiectSDTR2023\Core\Src\freertos.c
2023-10-12 11:06:18,914 [INFO] CodeEngine:245 - oldGeneratedFile, C:\Users\Mikey\Documents\Proiect_SDTR2023\ProiectSDTR2023\Core\Src\stm32f4xx_it.c_save
2023-10-12 11:06:19,086 [INFO] CodeEngine:269 - Generated code: C:\Users\Mikey\Documents\Proiect_SDTR2023\ProiectSDTR2023\Core\Src\stm32f4xx_it.c
2023-10-12 11:06:19,101 [INFO] CodeEngine:245 - oldGeneratedFile, C:\Users\Mikey\Documents\Proiect_SDTR2023\ProiectSDTR2023\Core\Inc\stm32f4xx_it.h_save
2023-10-12 11:06:19,211 [INFO] CodeEngine:269 - Generated code: C:\Users\Mikey\Documents\Proiect_SDTR2023\ProiectSDTR2023\Core\Inc\stm32f4xx_it.h
2023-10-12 11:06:19,242 [INFO] CodeEngine:245 - oldGeneratedFile, C:\Users\Mikey\Documents\Proiect_SDTR2023\ProiectSDTR2023\Core\Src\stm32f4xx_hal_msp.c_save
2023-10-12 11:06:19,475 [INFO] CodeEngine:269 - Generated code: C:\Users\Mikey\Documents\Proiect_SDTR2023\ProiectSDTR2023\Core\Src\stm32f4xx_hal_msp.c
2023-10-12 11:06:19,490 [INFO] CodeEngine:245 - oldGeneratedFile, C:\Users\Mikey\Documents\Proiect_SDTR2023\ProiectSDTR2023\MXTmpFiles\system.tmp_save
2023-10-12 11:06:19,600 [INFO] CodeEngine:269 - Generated code: C:\Users\Mikey\Documents\Proiect_SDTR2023\ProiectSDTR2023\MXTmpFiles\system.tmp
2023-10-12 11:06:19,615 [INFO] CodeEngine:245 - oldGeneratedFile, C:\Users\Mikey\Documents\Proiect_SDTR2023\ProiectSDTR2023\Core\Src\stm32f4xx_hal_timebase_tim.c_save
2023-10-12 11:06:19,771 [INFO] CodeEngine:269 - Generated code: C:\Users\Mikey\Documents\Proiect_SDTR2023\ProiectSDTR2023\Core\Src\stm32f4xx_hal_timebase_tim.c
2023-10-12 11:06:19,803 [INFO] CodeEngine:245 - oldGeneratedFile, C:\Users\Mikey\Documents\Proiect_SDTR2023\ProiectSDTR2023\Core\Inc\stm32f4xx_hal_conf.h_save
2023-10-12 11:06:19,975 [INFO] CodeEngine:269 - Generated code: C:\Users\Mikey\Documents\Proiect_SDTR2023\ProiectSDTR2023\Core\Inc\stm32f4xx_hal_conf.h
2023-10-12 11:06:20,084 [INFO] CodeEngine:245 - oldGeneratedFile, C:\Users\Mikey\Documents\Proiect_SDTR2023\ProiectSDTR2023\Core\Inc\main.h_save
2023-10-12 11:06:20,225 [INFO] CodeEngine:269 - Generated code: C:\Users\Mikey\Documents\Proiect_SDTR2023\ProiectSDTR2023\Core\Inc\main.h
2023-10-12 11:06:20,240 [INFO] CodeEngine:245 - oldGeneratedFile, C:\Users\Mikey\Documents\Proiect_SDTR2023\ProiectSDTR2023\Core\Src\main.c_save
2023-10-12 11:06:20,412 [INFO] CodeEngine:269 - Generated code: C:\Users\Mikey\Documents\Proiect_SDTR2023\ProiectSDTR2023\Core\Src\main.c
2023-10-12 11:06:21,600 [INFO] ProjectBuilder:2919 - Time for Copy HAL[1] : 422mS.
2023-10-12 11:06:21,600 [INFO] ProjectBuilder:4117 - Project Generator version: 3.17.1
2023-10-12 11:06:22,162 [INFO] ConfigFileManager:1394 - The Die is : DIE433
2023-10-12 11:06:27,644 [INFO] ProjectBuilder:4285 - Time for Generating toolchain IDE Files: 6044mS.
2023-10-12 11:06:27,644 [INFO] ProjectBuilder:2790 - Time for Copy CMSIS : 0mS.
2023-10-12 11:06:27,659 [INFO] ProjectBuilder:2790 - Time for Copy CMSIS : 0mS.
2023-10-12 14:56:31,187 [INFO] LogOutputStream:76 - [STDOUT_REDIRECT] StartTraceHandler.execute(), success : Collect=true
2023-10-12 15:03:44,544 [INFO] LogOutputStream:76 - [STDOUT_REDIRECT] StartTraceHandler.execute(), success : Collect=false
2023-10-12 15:03:46,686 [INFO] LogOutputStream:76 - [STDOUT_REDIRECT] StartTraceHandler.execute(), success : Collect=true
2023-10-12 15:09:33,628 [INFO] EditThreadDialog:703 - RAM SIZE (in KB): 96
2023-10-12 15:09:33,630 [INFO] EditThreadDialog:705 - RAM SIZE (in words): 24576
2023-10-25 16:07:22,243 [INFO] Activator:177 - 


2023-10-25 16:07:22,243 [INFO] Activator:178 - !SESSION log4j initialized
2023-10-25 16:08:03,636 [ERROR] LogOutputStream:74 - [STDERR_REDIRECT] SLF4J: Failed to load class "org.slf4j.impl.StaticLoggerBinder".
2023-10-25 16:08:03,636 [ERROR] LogOutputStream:74 - [STDERR_REDIRECT] SLF4J: Defaulting to no-operation (NOP) logger implementation
2023-10-25 16:08:03,636 [ERROR] LogOutputStream:74 - [STDERR_REDIRECT] SLF4J: See http://www.slf4j.org/codes.html#StaticLoggerBinder for further details.
2023-10-25 18:25:23,243 [INFO] Activator:177 - 


2023-10-25 18:25:23,243 [INFO] Activator:178 - !SESSION log4j initialized
2023-10-25 18:25:56,734 [ERROR] LogOutputStream:74 - [STDERR_REDIRECT] SLF4J: Failed to load class "org.slf4j.impl.StaticLoggerBinder".
2023-10-25 18:25:56,734 [ERROR] LogOutputStream:74 - [STDERR_REDIRECT] SLF4J: Defaulting to no-operation (NOP) logger implementation
2023-10-25 18:25:56,734 [ERROR] LogOutputStream:74 - [STDERR_REDIRECT] SLF4J: See http://www.slf4j.org/codes.html#StaticLoggerBinder for further details.
2023-11-01 18:49:42,749 [INFO] Activator:177 - 


2023-11-01 18:49:42,759 [INFO] Activator:178 - !SESSION log4j initialized
2023-11-01 18:50:29,653 [ERROR] LogOutputStream:74 - [STDERR_REDIRECT] SLF4J: Failed to load class "org.slf4j.impl.StaticLoggerBinder".
2023-11-01 18:50:29,653 [ERROR] LogOutputStream:74 - [STDERR_REDIRECT] SLF4J: Defaulting to no-operation (NOP) logger implementation
2023-11-01 18:50:29,653 [ERROR] LogOutputStream:74 - [STDERR_REDIRECT] SLF4J: See http://www.slf4j.org/codes.html#StaticLoggerBinder for further details.
2023-11-15 18:05:55,297 [INFO] Activator:177 - 


2023-11-15 18:05:55,297 [INFO] Activator:178 - !SESSION log4j initialized
2023-11-15 18:06:29,751 [ERROR] LogOutputStream:74 - [STDERR_REDIRECT] SLF4J: Failed to load class "org.slf4j.impl.StaticLoggerBinder".
2023-11-15 18:06:29,751 [ERROR] LogOutputStream:74 - [STDERR_REDIRECT] SLF4J: Defaulting to no-operation (NOP) logger implementation
2023-11-15 18:06:29,751 [ERROR] LogOutputStream:74 - [STDERR_REDIRECT] SLF4J: See http://www.slf4j.org/codes.html#StaticLoggerBinder for further details.
